#
# There is insufficient memory for the Java Runtime Environment to continue.
# Native memory allocation (mmap) failed to map 28311552 bytes for committing reserved memory.
# Possible reasons:
#   The system is out of physical RAM or swap space
#   In 32 bit mode, the process size limit was hit
# Possible solutions:
#   Reduce memory load on the system
#   Increase physical memory or swap space
#   Check if swap backing store is full
#   Use 64 bit Java on a 64 bit OS
#   Decrease Java heap size (-Xmx/-Xms)
#   Decrease number of Java threads
#   Decrease Java thread stack sizes (-Xss)
#   Set larger code cache with -XX:ReservedCodeCacheSize=
# This output file may be truncated or incomplete.
#
#  Out of Memory Error (os_linux.cpp:2627), pid=3523, tid=140513955276544
#
# JRE version: Java(TM) SE Runtime Environment (8.0_66-b17) (build 1.8.0_66-b17)
# Java VM: Java HotSpot(TM) 64-Bit Server VM (25.66-b17 mixed mode linux-amd64 compressed oops)
# Failed to write core dump. Core dumps have been disabled. To enable core dumping, try "ulimit -c unlimited" before starting Java again
#

---------------  T H R E A D  ---------------

Current thread (0x00007fcc0c077800):  VMThread [stack: 0x00007fcbf453e000,0x00007fcbf463f000] [id=3532]

Stack: [0x00007fcbf453e000,0x00007fcbf463f000],  sp=0x00007fcbf463cfe0,  free space=1019k
Native frames: (J=compiled Java code, j=interpreted, Vv=VM code, C=native code)
V  [libjvm.so+0xab9a1a]  VMError::report_and_die()+0x2ba
V  [libjvm.so+0x4f9e0b]  report_vm_out_of_memory(char const*, int, unsigned long, VMErrorType, char const*)+0x8b
V  [libjvm.so+0x91a8a3]  os::Linux::commit_memory_impl(char*, unsigned long, bool)+0x103
V  [libjvm.so+0x91adf9]  os::pd_commit_memory(char*, unsigned long, unsigned long, bool)+0x29
V  [libjvm.so+0x91510a]  os::commit_memory(char*, unsigned long, unsigned long, bool)+0x2a
V  [libjvm.so+0x9887a3]  PSVirtualSpace::expand_by(unsigned long)+0x53
V  [libjvm.so+0x979090]  PSOldGen::expand(unsigned long)+0x170
V  [libjvm.so+0x97929b]  PSOldGen::resize(unsigned long)+0x1cb
V  [libjvm.so+0x980f71]  PSParallelCompact::invoke_no_policy(bool)+0x991
V  [libjvm.so+0x9868cd]  PSScavenge::invoke()+0x1ad
V  [libjvm.so+0x93e500]  ParallelScavengeHeap::failed_mem_allocate(unsigned long)+0x70
V  [libjvm.so+0xabb437]  VM_ParallelGCFailedAllocation::doit()+0x97
V  [libjvm.so+0xac2e65]  VM_Operation::evaluate()+0x55
V  [libjvm.so+0xac123a]  VMThread::evaluate_operation(VM_Operation*)+0xba
V  [libjvm.so+0xac15be]  VMThread::loop()+0x1ce
V  [libjvm.so+0xac1a30]  VMThread::run()+0x70
V  [libjvm.so+0x91cc68]  java_start(Thread*)+0x108

VM_Operation (0x00007fcb9fafa3b0): ParallelGCFailedAllocation, mode: safepoint, requested by thread 0x00007fcba90bb800


---------------  P R O C E S S  ---------------

Java Threads: ( => current thread )
  0x00007fcba90bb800 JavaThread "pool-1-thread-2" [_thread_blocked, id=3561, stack(0x00007fcb9f9fe000,0x00007fcb9faff000)]
  0x00007fcba9493000 JavaThread "pool-1-thread-1" [_thread_blocked, id=3553, stack(0x00007fcb9faff000,0x00007fcb9fc00000)]
  0x00007fcba8b8d800 JavaThread "File lock request listener" [_thread_in_native, id=3551, stack(0x00007fcbed376000,0x00007fcbed477000)]
  0x00007fcba8ab1800 JavaThread "process reaper" daemon [_thread_blocked, id=3550, stack(0x00007fcbed677000,0x00007fcbed6b0000)]
  0x00007fcba8026000 JavaThread "Stdin handler" [_thread_blocked, id=3548, stack(0x00007fcbedf29000,0x00007fcbee02a000)]
  0x00007fcbbc008800 JavaThread "Daemon worker" [_thread_blocked, id=3545, stack(0x00007fcbee231000,0x00007fcbee332000)]
  0x00007fcbbc006800 JavaThread "Cancel handler" [_thread_blocked, id=3544, stack(0x00007fcbee332000,0x00007fcbee433000)]
  0x00007fcbbc003800 JavaThread "Handler for socket connection from /127.0.0.1:44460 to /127.0.0.1:55367" [_thread_in_native, id=3543, stack(0x00007fcbee433000,0x00007fcbee534000)]
  0x00007fcbb8036800 JavaThread "Daemon" [_thread_blocked, id=3542, stack(0x00007fcbee534000,0x00007fcbee635000)]
  0x00007fcc0cae4800 JavaThread "Incoming local TCP Connector on port 44460" [_thread_in_native, id=3541, stack(0x00007fcbee635000,0x00007fcbee736000)]
  0x00007fcc0c0ca000 JavaThread "Service Thread" daemon [_thread_blocked, id=3539, stack(0x00007fcbef71c000,0x00007fcbef81d000)]
  0x00007fcc0c0bc800 JavaThread "C1 CompilerThread2" daemon [_thread_blocked, id=3538, stack(0x00007fcbef81d000,0x00007fcbef91e000)]
  0x00007fcc0c0bb000 JavaThread "C2 CompilerThread1" daemon [_thread_blocked, id=3537, stack(0x00007fcbf4039000,0x00007fcbf413a000)]
  0x00007fcc0c0b8000 JavaThread "C2 CompilerThread0" daemon [_thread_blocked, id=3536, stack(0x00007fcbf413a000,0x00007fcbf423b000)]
  0x00007fcc0c0b6800 JavaThread "Signal Dispatcher" daemon [_thread_blocked, id=3535, stack(0x00007fcbf423b000,0x00007fcbf433c000)]
  0x00007fcc0c07f000 JavaThread "Finalizer" daemon [_thread_blocked, id=3534, stack(0x00007fcbf433c000,0x00007fcbf443d000)]
  0x00007fcc0c07d000 JavaThread "Reference Handler" daemon [_thread_blocked, id=3533, stack(0x00007fcbf443d000,0x00007fcbf453e000)]
  0x00007fcc0c00a000 JavaThread "main" [_thread_blocked, id=3527, stack(0x00007fcc12c10000,0x00007fcc12d11000)]

Other Threads:
=>0x00007fcc0c077800 VMThread [stack: 0x00007fcbf453e000,0x00007fcbf463f000] [id=3532]
  0x00007fcc0c0cc800 WatcherThread [stack: 0x00007fcbef61b000,0x00007fcbef71c000] [id=3540]

VM state:at safepoint (normal execution)

VM Mutex/Monitor currently owned by a thread:  ([mutex/lock_event])
[0x00007fcc0c005c00] ExpandHeap_lock - owner thread: 0x00007fcc0c077800
[0x00007fcc0c006280] Threads_lock - owner thread: 0x00007fcc0c077800
[0x00007fcc0c006780] Heap_lock - owner thread: 0x00007fcba90bb800

Heap:
 PSYoungGen      total 210432K, used 0K [0x00000000eab00000, 0x00000000f9500000, 0x0000000100000000)
  eden space 194560K, 0% used [0x00000000eab00000,0x00000000eab00000,0x00000000f6900000)
  from space 15872K, 0% used [0x00000000f7880000,0x00000000f7880000,0x00000000f8800000)
  to   space 15872K, 0% used [0x00000000f6900000,0x00000000f6900000,0x00000000f7880000)
 ParOldGen       total 43520K, used 39475K [0x00000000c0000000, 0x00000000c2a80000, 0x00000000eab00000)
  object space 43520K, 90% used [0x00000000c0000000,0x00000000c268cf30,0x00000000c2a80000)
 Metaspace       used 52753K, capacity 54040K, committed 54360K, reserved 1095680K
  class space    used 7199K, capacity 7484K, committed 7552K, reserved 1048576K

Card table byte_map: [0x00007fcbfc618000,0x00007fcbfc819000] byte_map_base: 0x00007fcbfc018000

Marking Bits: (ParMarkBitMap*) 0x00007fcc120e2020
 Begin Bits: [0x00007fcbf6000000, 0x00007fcbf7000000)
 End Bits:   [0x00007fcbf7000000, 0x00007fcbf8000000)

Polling page: 0x00007fcc12d29000

CodeCache: size=245760Kb used=22178Kb max_used=22243Kb free=223581Kb
 bounds [0x00007fcbfcbd9000, 0x00007fcbfe1c9000, 0x00007fcc0bbd9000]
 total_blobs=7282 nmethods=6566 adapters=628
 compilation: enabled

Compilation events (10 events):
Event: 32.798 Thread 0x00007fcc0c0bb000 nmethod 7319 0x00007fcbfdbef990 code [0x00007fcbfdbefae0, 0x00007fcbfdbefbd8]
Event: 32.798 Thread 0x00007fcc0c0bb000 7228  s    4       java.io.ByteArrayOutputStream::write (66 bytes)
Event: 32.799 Thread 0x00007fcc0c0bc800 7465       3       com.android.dx.util.ByteArray::getUnsignedByte (14 bytes)
Event: 32.800 Thread 0x00007fcc0c0bc800 nmethod 7465 0x00007fcbfcf38d90 code [0x00007fcbfcf38f00, 0x00007fcbfcf39148]
Event: 32.801 Thread 0x00007fcc0c0bc800 7466   !   3       com.android.dx.rop.cst.StdConstantPool::getOrNull (13 bytes)
Event: 32.802 Thread 0x00007fcc0c0bc800 nmethod 7466 0x00007fcbfd9a7550 code [0x00007fcbfd9a7740, 0x00007fcbfd9a8048]
Event: 32.802 Thread 0x00007fcc0c0bc800 7468       3       com.android.dx.util.ByteArray::getUnsignedShort (25 bytes)
Event: 32.802 Thread 0x00007fcc0c0bc800 nmethod 7468 0x00007fcbfcf3a210 code [0x00007fcbfcf3a3a0, 0x00007fcbfcf3a668]
Event: 32.802 Thread 0x00007fcc0c0bc800 7467       1       com.android.dx.rop.cst.CstString::isCategory2 (2 bytes)
Event: 32.803 Thread 0x00007fcc0c0bc800 nmethod 7467 0x00007fcbfd577e10 code [0x00007fcbfd577f60, 0x00007fcbfd578070]

GC Heap History (10 events):
Event: 14.816 GC heap after
Heap after GC invocations=10 (full 1):
 PSYoungGen      total 143360K, used 7662K [0x00000000eab00000, 0x00000000f5100000, 0x0000000100000000)
  eden space 135680K, 0% used [0x00000000eab00000,0x00000000eab00000,0x00000000f2f80000)
  from space 7680K, 99% used [0x00000000f2f80000,0x00000000f36fb930,0x00000000f3700000)
  to   space 9728K, 0% used [0x00000000f4780000,0x00000000f4780000,0x00000000f5100000)
 ParOldGen       total 29184K, used 14261K [0x00000000c0000000, 0x00000000c1c80000, 0x00000000eab00000)
  object space 29184K, 48% used [0x00000000c0000000,0x00000000c0ded738,0x00000000c1c80000)
 Metaspace       used 31270K, capacity 31794K, committed 32128K, reserved 1077248K
  class space    used 4245K, capacity 4408K, committed 4480K, reserved 1048576K
}
Event: 16.224 GC heap before
{Heap before GC invocations=11 (full 1):
 PSYoungGen      total 143360K, used 66478K [0x00000000eab00000, 0x00000000f5100000, 0x0000000100000000)
  eden space 135680K, 43% used [0x00000000eab00000,0x00000000ee46ff58,0x00000000f2f80000)
  from space 7680K, 99% used [0x00000000f2f80000,0x00000000f36fb930,0x00000000f3700000)
  to   space 9728K, 0% used [0x00000000f4780000,0x00000000f4780000,0x00000000f5100000)
 ParOldGen       total 29184K, used 14261K [0x00000000c0000000, 0x00000000c1c80000, 0x00000000eab00000)
  object space 29184K, 48% used [0x00000000c0000000,0x00000000c0ded738,0x00000000c1c80000)
 Metaspace       used 34759K, capacity 35358K, committed 35416K, reserved 1079296K
  class space    used 4759K, capacity 4947K, committed 4992K, reserved 1048576K
Event: 16.257 GC heap after
Heap after GC invocations=11 (full 1):
 PSYoungGen      total 157184K, used 9714K [0x00000000eab00000, 0x00000000f7980000, 0x0000000100000000)
  eden space 147456K, 0% used [0x00000000eab00000,0x00000000eab00000,0x00000000f3b00000)
  from space 9728K, 99% used [0x00000000f4780000,0x00000000f50fca98,0x00000000f5100000)
  to   space 12800K, 0% used [0x00000000f3b00000,0x00000000f3b00000,0x00000000f4780000)
 ParOldGen       total 29184K, used 17898K [0x00000000c0000000, 0x00000000c1c80000, 0x00000000eab00000)
  object space 29184K, 61% used [0x00000000c0000000,0x00000000c117a920,0x00000000c1c80000)
 Metaspace       used 34759K, capacity 35358K, committed 35416K, reserved 1079296K
  class space    used 4759K, capacity 4947K, committed 4992K, reserved 1048576K
}
Event: 16.258 GC heap before
{Heap before GC invocations=12 (full 2):
 PSYoungGen      total 157184K, used 9714K [0x00000000eab00000, 0x00000000f7980000, 0x0000000100000000)
  eden space 147456K, 0% used [0x00000000eab00000,0x00000000eab00000,0x00000000f3b00000)
  from space 9728K, 99% used [0x00000000f4780000,0x00000000f50fca98,0x00000000f5100000)
  to   space 12800K, 0% used [0x00000000f3b00000,0x00000000f3b00000,0x00000000f4780000)
 ParOldGen       total 29184K, used 17898K [0x00000000c0000000, 0x00000000c1c80000, 0x00000000eab00000)
  object space 29184K, 61% used [0x00000000c0000000,0x00000000c117a920,0x00000000c1c80000)
 Metaspace       used 34759K, capacity 35358K, committed 35416K, reserved 1079296K
  class space    used 4759K, capacity 4947K, committed 4992K, reserved 1048576K
Event: 16.373 GC heap after
Heap after GC invocations=12 (full 2):
 PSYoungGen      total 157184K, used 0K [0x00000000eab00000, 0x00000000f7980000, 0x0000000100000000)
  eden space 147456K, 0% used [0x00000000eab00000,0x00000000eab00000,0x00000000f3b00000)
  from space 9728K, 0% used [0x00000000f4780000,0x00000000f4780000,0x00000000f5100000)
  to   space 12800K, 0% used [0x00000000f3b00000,0x00000000f3b00000,0x00000000f4780000)
 ParOldGen       total 43520K, used 20849K [0x00000000c0000000, 0x00000000c2a80000, 0x00000000eab00000)
  object space 43520K, 47% used [0x00000000c0000000,0x00000000c145c558,0x00000000c2a80000)
 Metaspace       used 34759K, capacity 35358K, committed 35416K, reserved 1079296K
  class space    used 4759K, capacity 4947K, committed 4992K, reserved 1048576K
}
Event: 23.355 GC heap before
{Heap before GC invocations=13 (full 2):
 PSYoungGen      total 157184K, used 147456K [0x00000000eab00000, 0x00000000f7980000, 0x0000000100000000)
  eden space 147456K, 100% used [0x00000000eab00000,0x00000000f3b00000,0x00000000f3b00000)
  from space 9728K, 0% used [0x00000000f4780000,0x00000000f4780000,0x00000000f5100000)
  to   space 12800K, 0% used [0x00000000f3b00000,0x00000000f3b00000,0x00000000f4780000)
 ParOldGen       total 43520K, used 20849K [0x00000000c0000000, 0x00000000c2a80000, 0x00000000eab00000)
  object space 43520K, 47% used [0x00000000c0000000,0x00000000c145c558,0x00000000c2a80000)
 Metaspace       used 44046K, capacity 44918K, committed 45016K, reserved 1087488K
  class space    used 6127K, capacity 6343K, committed 6400K, reserved 1048576K
Event: 23.384 GC heap after
Heap after GC invocations=13 (full 2):
 PSYoungGen      total 160256K, used 12793K [0x00000000eab00000, 0x00000000f8800000, 0x0000000100000000)
  eden space 147456K, 0% used [0x00000000eab00000,0x00000000eab00000,0x00000000f3b00000)
  from space 12800K, 99% used [0x00000000f3b00000,0x00000000f477e560,0x00000000f4780000)
  to   space 15872K, 0% used [0x00000000f7880000,0x00000000f7880000,0x00000000f8800000)
 ParOldGen       total 43520K, used 24647K [0x00000000c0000000, 0x00000000c2a80000, 0x00000000eab00000)
  object space 43520K, 56% used [0x00000000c0000000,0x00000000c1811d98,0x00000000c2a80000)
 Metaspace       used 44046K, capacity 44918K, committed 45016K, reserved 1087488K
  class space    used 6127K, capacity 6343K, committed 6400K, reserved 1048576K
}
Event: 32.803 GC heap before
{Heap before GC invocations=14 (full 2):
 PSYoungGen      total 160256K, used 160249K [0x00000000eab00000, 0x00000000f8800000, 0x0000000100000000)
  eden space 147456K, 100% used [0x00000000eab00000,0x00000000f3b00000,0x00000000f3b00000)
  from space 12800K, 99% used [0x00000000f3b00000,0x00000000f477e560,0x00000000f4780000)
  to   space 15872K, 0% used [0x00000000f7880000,0x00000000f7880000,0x00000000f8800000)
 ParOldGen       total 43520K, used 24647K [0x00000000c0000000, 0x00000000c2a80000, 0x00000000eab00000)
  object space 43520K, 56% used [0x00000000c0000000,0x00000000c1811d98,0x00000000c2a80000)
 Metaspace       used 52753K, capacity 54040K, committed 54360K, reserved 1095680K
  class space    used 7199K, capacity 7484K, committed 7552K, reserved 1048576K
Event: 33.615 GC heap after
Heap after GC invocations=14 (full 2):
 PSYoungGen      total 210432K, used 9302K [0x00000000eab00000, 0x00000000f9500000, 0x0000000100000000)
  eden space 194560K, 0% used [0x00000000eab00000,0x00000000eab00000,0x00000000f6900000)
  from space 15872K, 58% used [0x00000000f7880000,0x00000000f81958b0,0x00000000f8800000)
  to   space 15872K, 0% used [0x00000000f6900000,0x00000000f6900000,0x00000000f7880000)
 ParOldGen       total 43520K, used 36598K [0x00000000c0000000, 0x00000000c2a80000, 0x00000000eab00000)
  object space 43520K, 84% used [0x00000000c0000000,0x00000000c23bdbb8,0x00000000c2a80000)
 Metaspace       used 52753K, capacity 54040K, committed 54360K, reserved 1095680K
  class space    used 7199K, capacity 7484K, committed 7552K, reserved 1048576K
}
Event: 33.696 GC heap before
{Heap before GC invocations=15 (full 3):
 PSYoungGen      total 210432K, used 9302K [0x00000000eab00000, 0x00000000f9500000, 0x0000000100000000)
  eden space 194560K, 0% used [0x00000000eab00000,0x00000000eab00000,0x00000000f6900000)
  from space 15872K, 58% used [0x00000000f7880000,0x00000000f81958b0,0x00000000f8800000)
  to   space 15872K, 0% used [0x00000000f6900000,0x00000000f6900000,0x00000000f7880000)
 ParOldGen       total 43520K, used 36598K [0x00000000c0000000, 0x00000000c2a80000, 0x00000000eab00000)
  object space 43520K, 84% used [0x00000000c0000000,0x00000000c23bdbb8,0x00000000c2a80000)
 Metaspace       used 52753K, capacity 54040K, committed 54360K, reserved 1095680K
  class space    used 7199K, capacity 7484K, committed 7552K, reserved 1048576K

Deoptimization events (10 events):
Event: 30.953 Thread 0x00007fcbbc008800 Uncommon trap: reason=class_check action=maybe_recompile pc=0x00007fcbfdd9e284 method=com.sun.org.apache.xerces.internal.dom.AttrImpl.getValue()Ljava/lang/String; @ 19
Event: 30.953 Thread 0x00007fcbbc008800 Uncommon trap: reason=class_check action=maybe_recompile pc=0x00007fcbfdd9e284 method=com.sun.org.apache.xerces.internal.dom.AttrImpl.getValue()Ljava/lang/String; @ 19
Event: 30.953 Thread 0x00007fcbbc008800 Uncommon trap: reason=class_check action=maybe_recompile pc=0x00007fcbfdd9e284 method=com.sun.org.apache.xerces.internal.dom.AttrImpl.getValue()Ljava/lang/String; @ 19
Event: 30.954 Thread 0x00007fcbbc008800 Uncommon trap: reason=class_check action=maybe_recompile pc=0x00007fcbfdd868d0 method=com.sun.org.apache.xerces.internal.dom.ElementImpl.getAttributes()Lorg/w3c/dom/NamedNodeMap; @ 8
Event: 31.488 Thread 0x00007fcbbc008800 Uncommon trap: reason=class_check action=maybe_recompile pc=0x00007fcbfd01ec70 method=com.google.common.collect.AbstractMapBasedMultimap.put(Ljava/lang/Object;Ljava/lang/Object;)Z @ 5
Event: 31.488 Thread 0x00007fcbbc008800 Uncommon trap: reason=class_check action=maybe_recompile pc=0x00007fcbfd01ec70 method=com.google.common.collect.AbstractMapBasedMultimap.put(Ljava/lang/Object;Ljava/lang/Object;)Z @ 5
Event: 31.488 Thread 0x00007fcbbc008800 Uncommon trap: reason=class_check action=maybe_recompile pc=0x00007fcbfd01ec70 method=com.google.common.collect.AbstractMapBasedMultimap.put(Ljava/lang/Object;Ljava/lang/Object;)Z @ 5
Event: 31.488 Thread 0x00007fcbbc008800 Uncommon trap: reason=class_check action=maybe_recompile pc=0x00007fcbfd01ec70 method=com.google.common.collect.AbstractMapBasedMultimap.put(Ljava/lang/Object;Ljava/lang/Object;)Z @ 5
Event: 31.822 Thread 0x00007fcbbc008800 Uncommon trap: reason=unstable_if action=reinterpret pc=0x00007fcbfd958cf8 method=java.util.regex.Matcher.appendReplacement(Ljava/lang/StringBuffer;Ljava/lang/String;)Ljava/util/regex/Matcher; @ 96
Event: 32.739 Thread 0x00007fcba90bb800 Uncommon trap: reason=unstable_if action=reinterpret pc=0x00007fcbfdecabec method=java.lang.String.lastIndexOf([CII[CIII)I @ 118

Internal exceptions (10 events):
Event: 22.716 Thread 0x00007fcbbc008800 Exception <a 'java/lang/ClassNotFoundException': java/io/FileBeanInfo> (0x00000000f3157508) thrown at [/HUDSON/workspace/8-2-build-linux-amd64/jdk8u66/4988/hotspot/src/share/vm/classfile/systemDictionary.cpp, line 210]
Event: 22.716 Thread 0x00007fcbbc008800 Exception <a 'java/lang/ClassNotFoundException': java/io/FileCustomizer> (0x00000000f315c6c8) thrown at [/HUDSON/workspace/8-2-build-linux-amd64/jdk8u66/4988/hotspot/src/share/vm/classfile/systemDictionary.cpp, line 210]
Event: 22.820 Thread 0x00007fcbbc008800 Exception <a 'java/lang/ClassNotFoundException': java/lang/IntegerBeanInfo> (0x00000000f3256208) thrown at [/HUDSON/workspace/8-2-build-linux-amd64/jdk8u66/4988/hotspot/src/share/vm/classfile/systemDictionary.cpp, line 210]
Event: 22.820 Thread 0x00007fcbbc008800 Exception <a 'java/lang/ClassNotFoundException': java/lang/NumberBeanInfo> (0x00000000f325b740) thrown at [/HUDSON/workspace/8-2-build-linux-amd64/jdk8u66/4988/hotspot/src/share/vm/classfile/systemDictionary.cpp, line 210]
Event: 22.821 Thread 0x00007fcbbc008800 Exception <a 'java/lang/ClassNotFoundException': java/lang/NumberCustomizer> (0x00000000f3260c98) thrown at [/HUDSON/workspace/8-2-build-linux-amd64/jdk8u66/4988/hotspot/src/share/vm/classfile/systemDictionary.cpp, line 210]
Event: 22.821 Thread 0x00007fcbbc008800 Exception <a 'java/lang/ClassNotFoundException': java/lang/IntegerCustomizer> (0x00000000f3269a50) thrown at [/HUDSON/workspace/8-2-build-linux-amd64/jdk8u66/4988/hotspot/src/share/vm/classfile/systemDictionary.cpp, line 210]
Event: 22.848 Thread 0x00007fcbbc008800 Exception <a 'java/lang/ClassNotFoundException': com/google/common/collect/ListsBeanInfo> (0x00000000f32cf0e0) thrown at [/HUDSON/workspace/8-2-build-linux-amd64/jdk8u66/4988/hotspot/src/share/vm/classfile/systemDictionary.cpp, line 210]
Event: 22.848 Thread 0x00007fcbbc008800 Exception <a 'java/lang/ClassNotFoundException': com/google/common/collect/ListsCustomizer> (0x00000000f32dc8b0) thrown at [/HUDSON/workspace/8-2-build-linux-amd64/jdk8u66/4988/hotspot/src/share/vm/classfile/systemDictionary.cpp, line 210]
Event: 24.679 Thread 0x00007fcbbc008800 Implicit null exception at 0x00007fcbfdd85bd7 to 0x00007fcbfdd85d1b
Event: 31.596 Thread 0x00007fcbbc008800 Exception <a 'java/lang/NoSuchMethodError': <clinit>> (0x00000000f27f0c18) thrown at [/HUDSON/workspace/8-2-build-linux-amd64/jdk8u66/4988/hotspot/src/share/vm/prims/jni.cpp, line 1591]

Events (10 events):
Event: 32.782 loading class java/lang/NegativeArraySizeException
Event: 32.794 Thread 0x00007fcc0c0b8000 flushing nmethod 0x00007fcbfdbdde50
Event: 32.794 Thread 0x00007fcc0c0b8000 flushing nmethod 0x00007fcbfdbde190
Event: 32.794 Thread 0x00007fcc0c0b8000 flushing nmethod 0x00007fcbfdbef990
Event: 32.794 Thread 0x00007fcc0c0b8000 flushing nmethod 0x00007fcbfdbf4810
Event: 32.794 Thread 0x00007fcc0c0b8000 flushing nmethod 0x00007fcbfdc38d90
Event: 32.798 loading class java/lang/NegativeArraySizeException done
Event: 32.801 loading class com/android/dx/cf/direct/FieldListParser
Event: 32.801 loading class com/android/dx/cf/direct/FieldListParser done
Event: 32.803 Executing VM operation: ParallelGCFailedAllocation


Dynamic libraries:
00400000-00401000 r-xp 00000000 08:06 1320113                            /usr/lib/jvm/java-8-oracle/bin/java
00600000-00601000 rw-p 00000000 08:06 1320113                            /usr/lib/jvm/java-8-oracle/bin/java
0110c000-0112d000 rw-p 00000000 00:00 0                                  [heap]
c0000000-c2a80000 rw-p 00000000 00:00 0 
c4580000-eab00000 ---p 00000000 00:00 0 
eab00000-f9500000 rw-p 00000000 00:00 0 
f9500000-100000000 ---p 00000000 00:00 0 
100000000-100760000 rw-p 00000000 00:00 0 
100760000-140000000 ---p 00000000 00:00 0 
7fcb88000000-7fcb88021000 rw-p 00000000 00:00 0 
7fcb88021000-7fcb8c000000 ---p 00000000 00:00 0 
7fcb8c000000-7fcb8c021000 rw-p 00000000 00:00 0 
7fcb8c021000-7fcb90000000 ---p 00000000 00:00 0 
7fcb90000000-7fcb900ca000 rw-p 00000000 00:00 0 
7fcb900ca000-7fcb94000000 ---p 00000000 00:00 0 
7fcb94000000-7fcb94021000 rw-p 00000000 00:00 0 
7fcb94021000-7fcb98000000 ---p 00000000 00:00 0 
7fcb98000000-7fcb98021000 rw-p 00000000 00:00 0 
7fcb98021000-7fcb9c000000 ---p 00000000 00:00 0 
7fcb9f0d5000-7fcb9f295000 rw-p 00000000 00:00 0 
7fcb9f295000-7fcb9f2d5000 ---p 00000000 00:00 0 
7fcb9f2fa000-7fcb9f4fb000 rw-p 00000000 00:00 0 
7fcb9f4fb000-7fcb9f6fb000 rw-p 00000000 00:00 0 
7fcb9f6fb000-7fcb9f6fe000 ---p 00000000 00:00 0 
7fcb9f6fe000-7fcb9f7fc000 rw-p 00000000 00:00 0 
7fcb9f7fc000-7fcb9f7ff000 ---p 00000000 00:00 0 
7fcb9f7ff000-7fcb9f8fd000 rw-p 00000000 00:00 0 
7fcb9f8fd000-7fcb9f900000 ---p 00000000 00:00 0 
7fcb9f900000-7fcb9f9fe000 rw-p 00000000 00:00 0 
7fcb9f9fe000-7fcb9fa01000 ---p 00000000 00:00 0 
7fcb9fa01000-7fcb9faff000 rw-p 00000000 00:00 0                          [stack:3561]
7fcb9faff000-7fcb9fb02000 ---p 00000000 00:00 0 
7fcb9fb02000-7fcb9fe00000 rw-p 00000000 00:00 0                          [stack:3553]
7fcb9fe00000-7fcba0000000 rw-p 00000000 00:00 0 
7fcba0000000-7fcba0021000 rw-p 00000000 00:00 0 
7fcba0021000-7fcba4000000 ---p 00000000 00:00 0 
7fcba4000000-7fcba4021000 rw-p 00000000 00:00 0 
7fcba4021000-7fcba8000000 ---p 00000000 00:00 0 
7fcba8000000-7fcba94e7000 rw-p 00000000 00:00 0 
7fcba94e7000-7fcbac000000 ---p 00000000 00:00 0 
7fcbac000000-7fcbac021000 rw-p 00000000 00:00 0 
7fcbac021000-7fcbb0000000 ---p 00000000 00:00 0 
7fcbb0000000-7fcbb0021000 rw-p 00000000 00:00 0 
7fcbb0021000-7fcbb4000000 ---p 00000000 00:00 0 
7fcbb4000000-7fcbb4021000 rw-p 00000000 00:00 0 
7fcbb4021000-7fcbb8000000 ---p 00000000 00:00 0 
7fcbb8000000-7fcbb8072000 rw-p 00000000 00:00 0 
7fcbb8072000-7fcbbc000000 ---p 00000000 00:00 0 
7fcbbc000000-7fcbbc021000 rw-p 00000000 00:00 0 
7fcbbc021000-7fcbc0000000 ---p 00000000 00:00 0 
7fcbc0000000-7fcbc0021000 rw-p 00000000 00:00 0 
7fcbc0021000-7fcbc4000000 ---p 00000000 00:00 0 
7fcbc4000000-7fcbc4021000 rw-p 00000000 00:00 0 
7fcbc4021000-7fcbc8000000 ---p 00000000 00:00 0 
7fcbc8000000-7fcbca70d000 rw-p 00000000 00:00 0 
7fcbca70d000-7fcbcc000000 ---p 00000000 00:00 0 
7fcbcc000000-7fcbccec3000 rw-p 00000000 00:00 0 
7fcbccec3000-7fcbd0000000 ---p 00000000 00:00 0 
7fcbd0000000-7fcbd0021000 rw-p 00000000 00:00 0 
7fcbd0021000-7fcbd4000000 ---p 00000000 00:00 0 
7fcbd4000000-7fcbd659e000 rw-p 00000000 00:00 0 
7fcbd659e000-7fcbd8000000 ---p 00000000 00:00 0 
7fcbd8000000-7fcbd8021000 rw-p 00000000 00:00 0 
7fcbd8021000-7fcbdc000000 ---p 00000000 00:00 0 
7fcbdc000000-7fcbdc021000 rw-p 00000000 00:00 0 
7fcbdc021000-7fcbe0000000 ---p 00000000 00:00 0 
7fcbe0000000-7fcbe0021000 rw-p 00000000 00:00 0 
7fcbe0021000-7fcbe4000000 ---p 00000000 00:00 0 
7fcbe4000000-7fcbe438f000 rw-p 00000000 00:00 0 
7fcbe438f000-7fcbe8000000 ---p 00000000 00:00 0 
7fcbe8000000-7fcbe8021000 rw-p 00000000 00:00 0 
7fcbe8021000-7fcbec000000 ---p 00000000 00:00 0 
7fcbec000000-7fcbec00f000 r--s 000df000 08:06 398233                     /home/ravikiran/Android/Sdk/build-tools/23.0.2/lib/dx.jar
7fcbec00f000-7fcbec20f000 rw-p 00000000 00:00 0 
7fcbec20f000-7fcbec40f000 rw-p 00000000 00:00 0 
7fcbec40f000-7fcbec421000 r--s 00345000 08:06 1194174                    /usr/lib/jvm/java-8-oracle/jre/lib/resources.jar
7fcbec421000-7fcbec621000 rw-p 00000000 00:00 0 
7fcbec621000-7fcbec817000 rw-p 00000000 00:00 0 
7fcbec817000-7fcbec821000 ---p 00000000 00:00 0 
7fcbec821000-7fcbeca21000 rw-p 00000000 00:00 0 
7fcbeca21000-7fcbeca29000 r-xp 00000000 08:06 1194287                    /usr/lib/jvm/java-8-oracle/jre/lib/amd64/libmanagement.so
7fcbeca29000-7fcbecc29000 ---p 00008000 08:06 1194287                    /usr/lib/jvm/java-8-oracle/jre/lib/amd64/libmanagement.so
7fcbecc29000-7fcbecc2a000 rw-p 00008000 08:06 1194287                    /usr/lib/jvm/java-8-oracle/jre/lib/amd64/libmanagement.so
7fcbecc2a000-7fcbece2a000 rw-p 00000000 00:00 0 
7fcbece2a000-7fcbece32000 r--s 000a8000 08:06 3933807                    /home/ravikiran/Android/android-studio/gradle/m2repository/com/android/tools/external/lombok/lombok-ast/0.2.3/lombok-ast-0.2.3.jar
7fcbece32000-7fcbece33000 r--s 00004000 08:06 3933986                    /home/ravikiran/Android/android-studio/gradle/m2repository/com/intellij/annotations/12.0/annotations-12.0.jar
7fcbece33000-7fcbece35000 r--s 0000d000 08:06 3933996                    /home/ravikiran/Android/android-studio/gradle/m2repository/commons-codec/commons-codec/1.4/commons-codec-1.4.jar
7fcbece35000-7fcbece37000 r--s 0000d000 08:06 2116908                    /home/ravikiran/Android/android-studio/gradle/m2repository/commons-logging/commons-logging/1.1.1/commons-logging-1.1.1.jar
7fcbece37000-7fcbece3c000 r--s 00028000 08:06 2888160                    /home/ravikiran/Android/android-studio/gradle/m2repository/org/apache/httpcomponents/httpcore/4.1/httpcore-4.1.jar
7fcbece3c000-7fcbece3e000 r--s 00005000 08:06 3020300                    /home/ravikiran/Android/android-studio/gradle/m2repository/org/abego/treelayout/org.abego.treelayout.core/1.0.1/org.abego.treelayout.core-1.0.1.jar
7fcbece3e000-7fcbece3f000 r--s 00004000 08:06 1974460                    /home/ravikiran/Android/android-studio/gradle/m2repository/org/ow2/asm/asm-analysis/5.0.3/asm-analysis-5.0.3.jar
7fcbece3f000-7fcbece42000 r--s 00030000 08:06 3933741                    /home/ravikiran/Android/android-studio/gradle/m2repository/com/android/tools/lint/lint-api/25.0.0-alpha7/lint-api-25.0.0-alpha7.jar
7fcbece42000-7fcbece43000 r--s 00005000 08:06 3933694                    /home/ravikiran/Android/android-studio/gradle/m2repository/com/android/tools/dvlib/25.0.0-alpha7/dvlib-25.0.0-alpha7.jar
7fcbece43000-7fcbece46000 r--s 00013000 08:06 3933940                    /home/ravikiran/Android/android-studio/gradle/m2repository/com/android/tools/layoutlib/layoutlib-api/25.0.0-alpha7/layoutlib-api-25.0.0-alpha7.jar
7fcbece46000-7fcbece4d000 r--s 00053000 08:06 2257296                    /home/ravikiran/Android/android-studio/gradle/m2repository/org/apache/commons/commons-compress/1.8.1/commons-compress-1.8.1.jar
7fcbece4d000-7fcbece4f000 r--s 00005000 08:06 2628929                    /home/ravikiran/Android/android-studio/gradle/m2repository/org/apache/httpcomponents/httpmime/4.1/httpmime-4.1.jar
7fcbece4f000-7fcbece57000 r--s 0004e000 08:06 2504856                    /home/ravikiran/Android/android-studio/gradle/m2repository/org/apache/httpcomponents/httpclient/4.1.1/httpclient-4.1.1.jar
7fcbece57000-7fcbece5b000 r--s 00025000 08:06 3933779                    /home/ravikiran/Android/android-studio/gradle/m2repository/com/android/tools/repository/25.0.0-alpha7/repository-25.0.0-alpha7.jar
7fcbece5b000-7fcbece60000 r--s 0002a000 08:06 3933649                    /home/ravikiran/Android/android-studio/gradle/m2repository/com/google/code/gson/gson/2.2.4/gson-2.2.4.jar
7fcbece60000-7fcbece61000 r--s 0000a000 08:06 3282113                    /home/ravikiran/Android/android-studio/gradle/m2repository/net/sf/kxml/kxml2/2.3.0/kxml2-2.3.0.jar
7fcbece61000-7fcbece65000 r--s 00037000 08:06 2116878                    /home/ravikiran/Android/android-studio/gradle/m2repository/org/antlr/ST4/4.0.8/ST4-4.0.8.jar
7fcbece65000-7fcbece68000 r--s 00026000 08:06 2116872                    /home/ravikiran/Android/android-studio/gradle/m2repository/org/antlr/antlr-runtime/3.5.2/antlr-runtime-3.5.2.jar
7fcbece68000-7fcbece69000 r--s 00002000 08:06 3933679                    /home/ravikiran/Android/android-studio/gradle/m2repository/com/tunnelvisionlabs/antlr4-annotations/4.5/antlr4-annotations-4.5.jar
7fcbece69000-7fcbece70000 r--s 00062000 08:06 3933671                    /home/ravikiran/Android/android-studio/gradle/m2repository/com/tunnelvisionlabs/antlr4-runtime/4.5/antlr4-runtime-4.5.jar
7fcbece70000-7fcbece71000 r--s 00001000 08:06 3933707                    /home/ravikiran/Android/android-studio/gradle/m2repository/com/android/tools/annotations/25.0.0-alpha7/annotations-25.0.0-alpha7.jar
7fcbece71000-7fcbece81000 r--s 000d6000 08:06 3806547                    /home/ravikiran/Android/android-studio/gradle/m2repository/net/sf/proguard/proguard-base/5.2.1/proguard-base-5.2.1.jar
7fcbece81000-7fcbece93000 r--s 00223000 08:06 2116902                    /home/ravikiran/Android/android-studio/gradle/m2repository/org/eclipse/jdt/core/compiler/ecj/4.4.2/ecj-4.4.2.jar
7fcbece93000-7fcbece9a000 r--s 000bd000 08:06 3933768                    /home/ravikiran/Android/android-studio/gradle/m2repository/com/android/tools/lint/lint-checks/25.0.0-alpha7/lint-checks-25.0.0-alpha7.jar
7fcbece9a000-7fcbecea8000 r--s 00081000 08:06 2257283                    /home/ravikiran/Android/android-studio/gradle/m2repository/org/bouncycastle/bcpkix-jdk15on/1.48/bcpkix-jdk15on-1.48.jar
7fcbecea8000-7fcbeceaa000 r--s 00018000 08:06 3933832                    /home/ravikiran/Android/android-studio/gradle/m2repository/com/android/tools/common/25.0.0-alpha7/common-25.0.0-alpha7.jar
7fcbeceaa000-7fcbeceab000 r--s 00001000 08:06 3933720                    /home/ravikiran/Android/android-studio/gradle/m2repository/com/android/tools/jill/jill-api/0.9.0/jill-api-0.9.0.jar
7fcbeceab000-7fcbeceb0000 r--s 0004a000 08:06 3933792                    /home/ravikiran/Android/android-studio/gradle/m2repository/com/android/tools/ddms/ddmlib/25.0.0-alpha7/ddmlib-25.0.0-alpha7.jar
7fcbeceb0000-7fcbeceb2000 r--s 00002000 08:06 3933788                    /home/ravikiran/Android/android-studio/gradle/m2repository/com/android/tools/jack/jack-api/0.9.0/jack-api-0.9.0.jar
7fcbeceb2000-7fcbecebb000 r--s 0007b000 08:06 3933818                    /home/ravikiran/Android/android-studio/gradle/m2repository/com/android/tools/sdk-common/25.0.0-alpha7/sdk-common-25.0.0-alpha7.jar
7fcbecebb000-7fcbecebc000 r--s 00002000 08:06 3933915                    /home/ravikiran/Android/android-studio/gradle/m2repository/com/android/tools/build/builder-test-api/2.0.0-alpha7/builder-test-api-2.0.0-alpha7.jar
7fcbecebc000-7fcbecebe000 r--s 00002000 08:06 3933982                    /home/ravikiran/Android/android-studio/gradle/m2repository/com/squareup/javawriter/2.5.0/javawriter-2.5.0.jar
7fcbecebe000-7fcbecec6000 r--s 00079000 08:06 3933726                    /home/ravikiran/Android/android-studio/gradle/m2repository/com/android/tools/sdklib/25.0.0-alpha7/sdklib-25.0.0-alpha7.jar
7fcbecec6000-7fcbecef9000 r--s 00203000 08:06 2257288                    /home/ravikiran/Android/android-studio/gradle/m2repository/org/bouncycastle/bcprov-jdk15on/1.48/bcprov-jdk15on-1.48.jar
7fcbecef9000-7fcbecefd000 r--s 00027000 08:06 3933865                    /home/ravikiran/Android/android-studio/gradle/m2repository/com/android/tools/build/manifest-merger/25.0.0-alpha7/manifest-merger-25.0.0-alpha7.jar
7fcbecefd000-7fcbeceff000 r--s 00005000 08:06 3933889                    /home/ravikiran/Android/android-studio/gradle/m2repository/com/android/tools/build/builder-model/2.0.0-alpha7/builder-model-2.0.0-alpha7.jar
7fcbeceff000-7fcbecf01000 r--s 00006000 08:06 1974437                    /home/ravikiran/Android/android-studio/gradle/m2repository/org/ow2/asm/asm-tree/5.0.3/asm-tree-5.0.3.jar
7fcbecf01000-7fcbecf05000 r--s 0002a000 08:06 1850853                    /home/ravikiran/Android/android-studio/gradle/m2repository/commons-io/commons-io/2.4/commons-io-2.4.jar
7fcbecf05000-7fcbecf0f000 r--s 00099000 08:06 3933675                    /home/ravikiran/Android/android-studio/gradle/m2repository/com/tunnelvisionlabs/antlr4/4.5/antlr4-4.5.jar
7fcbecf0f000-7fcbecf10000 r--s 00002000 08:06 3933973                    /home/ravikiran/Android/android-studio/gradle/m2repository/com/android/databinding/baseLibrary/1.1/baseLibrary-1.1.jar
7fcbecf10000-7fcbecf3b000 r--s 001f9000 08:06 3933659                    /home/ravikiran/Android/android-studio/gradle/m2repository/com/google/guava/guava/17.0/guava-17.0.jar
7fcbecf3b000-7fcbecf3e000 r--s 00033000 08:06 3933687                    /home/ravikiran/Android/android-studio/gradle/m2repository/com/googlecode/juniversalchardet/juniversalchardet/1.0.3/juniversalchardet-1.0.3.jar
7fcbecf3e000-7fcbecf43000 r--s 00058000 08:06 1974446                    /home/ravikiran/Android/android-studio/gradle/m2repository/org/ow2/asm/asm-debug-all/5.0.1/asm-debug-all-5.0.1.jar
7fcbecf43000-7fcbecf44000 r--s 00002000 08:06 3933845                    /home/ravikiran/Android/android-studio/gradle/m2repository/com/android/tools/build/gradle-api/2.0.0-alpha7/gradle-api-2.0.0-alpha7.jar
7fcbecf44000-7fcbecf45000 r--s 0000c000 08:06 1974425                    /home/ravikiran/Android/android-studio/gradle/m2repository/org/ow2/asm/asm/5.0.3/asm-5.0.3.jar
7fcbecf45000-7fcbecf46000 r--s 00002000 08:06 3933639                    /home/ravikiran/Android/android-studio/gradle/m2repository/net/sf/proguard/proguard-gradle/5.2.1/proguard-gradle-5.2.1.jar
7fcbecf46000-7fcbecf48000 r--s 00023000 08:06 3933755                    /home/ravikiran/Android/android-studio/gradle/m2repository/com/android/tools/lint/lint/25.0.0-alpha7/lint-25.0.0-alpha7.jar
7fcbecf48000-7fcbecf4e000 r--s 00051000 08:06 3933876                    /home/ravikiran/Android/android-studio/gradle/m2repository/com/android/tools/build/builder/2.0.0-alpha7/builder-2.0.0-alpha7.jar
7fcbecf4e000-7fcbecf50000 r--s 00009000 08:06 1974455                    /home/ravikiran/Android/android-studio/gradle/m2repository/org/ow2/asm/asm-commons/5.0.3/asm-commons-5.0.3.jar
7fcbecf50000-7fcbecf54000 r--s 00027000 08:06 3933962                    /home/ravikiran/Android/android-studio/gradle/m2repository/com/android/databinding/compilerCommon/1.1/compilerCommon-1.1.jar
7fcbecf54000-7fcbecf58000 r--s 0001e000 08:06 2116885                    /home/ravikiran/Android/android-studio/gradle/m2repository/org/jacoco/org.jacoco.core/0.7.4.201502262128/org.jacoco.core-0.7.4.201502262128.jar
7fcbecf58000-7fcbecf74000 r--s 00170000 08:06 3933852                    /home/ravikiran/Android/android-studio/gradle/m2repository/com/android/tools/build/gradle-core/2.0.0-alpha7/gradle-core-2.0.0-alpha7.jar
7fcbecf74000-7fcbecf76000 r--s 0000c000 08:06 3933902                    /home/ravikiran/Android/android-studio/gradle/m2repository/com/android/tools/build/gradle/2.0.0-alpha7/gradle-2.0.0-alpha7.jar
7fcbecf76000-7fcbed176000 rw-p 00000000 00:00 0 
7fcbed176000-7fcbed376000 rw-p 00000000 00:00 0 
7fcbed376000-7fcbed379000 ---p 00000000 00:00 0 
7fcbed379000-7fcbed677000 rw-p 00000000 00:00 0                          [stack:3551]
7fcbed677000-7fcbed67a000 ---p 00000000 00:00 0 
7fcbed67a000-7fcbed6b0000 rw-p 00000000 00:00 0                          [stack:3550]
7fcbed6b0000-7fcbed6b1000 r--p 00000000 00:00 0 
7fcbed6b1000-7fcbed8b1000 rw-p 00000000 00:00 0 
7fcbed8b1000-7fcbedab1000 rw-p 00000000 00:00 0 
7fcbedab1000-7fcbedcb1000 rw-p 00000000 00:00 0 
7fcbedcb1000-7fcbedeb1000 rw-p 00000000 00:00 0 
7fcbedeb1000-7fcbedf29000 r--s 010e3000 08:06 1194912                    /usr/lib/jvm/java-8-oracle/lib/tools.jar
7fcbedf29000-7fcbedf2c000 ---p 00000000 00:00 0 
7fcbedf2c000-7fcbee02a000 rw-p 00000000 00:00 0                          [stack:3548]
7fcbee02a000-7fcbee031000 r--s 00000000 08:06 1444630                    /usr/lib/x86_64-linux-gnu/gconv/gconv-modules.cache
7fcbee031000-7fcbee231000 rw-p 00000000 00:00 0 
7fcbee231000-7fcbee234000 ---p 00000000 00:00 0 
7fcbee234000-7fcbee332000 rw-p 00000000 00:00 0                          [stack:3545]
7fcbee332000-7fcbee335000 ---p 00000000 00:00 0 
7fcbee335000-7fcbee433000 rw-p 00000000 00:00 0                          [stack:3544]
7fcbee433000-7fcbee436000 ---p 00000000 00:00 0 
7fcbee436000-7fcbee534000 rw-p 00000000 00:00 0                          [stack:3543]
7fcbee534000-7fcbee537000 ---p 00000000 00:00 0 
7fcbee537000-7fcbee635000 rw-p 00000000 00:00 0                          [stack:3542]
7fcbee635000-7fcbee638000 ---p 00000000 00:00 0 
7fcbee638000-7fcbee736000 rw-p 00000000 00:00 0                          [stack:3541]
7fcbee736000-7fcbee73b000 r--s 00096000 08:06 1194158                    /usr/lib/jvm/java-8-oracle/jre/lib/jsse.jar
7fcbee73b000-7fcbee73d000 r--s 00005000 08:06 3807740                    /home/ravikiran/.gradle/wrapper/dists/gradle-2.10-all/a4w5fzrkeut1ox71xslb49gst/gradle-2.10/lib/plugins/gradle-tooling-api-builders-2.10.jar
7fcbee73d000-7fcbee74d000 r--s 00088000 08:06 3807772                    /home/ravikiran/.gradle/wrapper/dists/gradle-2.10-all/a4w5fzrkeut1ox71xslb49gst/gradle-2.10/lib/plugins/joda-time-2.8.2.jar
7fcbee74d000-7fcbee75e000 r--s 000cf000 08:06 3807771                    /home/ravikiran/.gradle/wrapper/dists/gradle-2.10-all/a4w5fzrkeut1ox71xslb49gst/gradle-2.10/lib/plugins/jackson-databind-2.3.2.jar
7fcbee75e000-7fcbee760000 r--s 00007000 08:06 3807770                    /home/ravikiran/.gradle/wrapper/dists/gradle-2.10-all/a4w5fzrkeut1ox71xslb49gst/gradle-2.10/lib/plugins/jackson-annotations-2.3.2.jar
7fcbee760000-7fcbee763000 r--s 0002e000 08:06 3807769                    /home/ravikiran/.gradle/wrapper/dists/gradle-2.10-all/a4w5fzrkeut1ox71xslb49gst/gradle-2.10/lib/plugins/jackson-core-2.3.2.jar
7fcbee763000-7fcbee76e000 r--s 0006b000 08:06 3807768                    /home/ravikiran/.gradle/wrapper/dists/gradle-2.10-all/a4w5fzrkeut1ox71xslb49gst/gradle-2.10/lib/plugins/aws-java-sdk-core-1.9.19.jar
7fcbee76e000-7fcbee774000 r--s 00036000 08:06 3807767                    /home/ravikiran/.gradle/wrapper/dists/gradle-2.10-all/a4w5fzrkeut1ox71xslb49gst/gradle-2.10/lib/plugins/aws-java-sdk-kms-1.9.19.jar
7fcbee774000-7fcbee77f000 r--s 00079000 08:06 3807766                    /home/ravikiran/.gradle/wrapper/dists/gradle-2.10-all/a4w5fzrkeut1ox71xslb49gst/gradle-2.10/lib/plugins/aws-java-sdk-s3-1.9.19.jar
7fcbee77f000-7fcbee780000 r--s 00003000 08:06 3807739                    /home/ravikiran/.gradle/wrapper/dists/gradle-2.10-all/a4w5fzrkeut1ox71xslb49gst/gradle-2.10/lib/plugins/gradle-resources-s3-2.10.jar
7fcbee780000-7fcbee781000 r--s 00004000 08:06 3807738                    /home/ravikiran/.gradle/wrapper/dists/gradle-2.10-all/a4w5fzrkeut1ox71xslb49gst/gradle-2.10/lib/plugins/gradle-resources-sftp-2.10.jar
7fcbee781000-7fcbee782000 r--s 00001000 08:06 3807735                    /home/ravikiran/.gradle/wrapper/dists/gradle-2.10-all/a4w5fzrkeut1ox71xslb49gst/gradle-2.10/lib/plugins/gradle-plugin-development-2.10.jar
7fcbee782000-7fcbee784000 r--s 00005000 08:06 3807734                    /home/ravikiran/.gradle/wrapper/dists/gradle-2.10-all/a4w5fzrkeut1ox71xslb49gst/gradle-2.10/lib/plugins/gradle-testing-native-2.10.jar
7fcbee784000-7fcbee789000 r--s 0002b000 08:06 3807733                    /home/ravikiran/.gradle/wrapper/dists/gradle-2.10-all/a4w5fzrkeut1ox71xslb49gst/gradle-2.10/lib/plugins/gradle-ide-native-2.10.jar
7fcbee789000-7fcbee78e000 r--s 0001a000 08:06 3807732                    /home/ravikiran/.gradle/wrapper/dists/gradle-2.10-all/a4w5fzrkeut1ox71xslb49gst/gradle-2.10/lib/plugins/gradle-language-native-2.10.jar
7fcbee78e000-7fcbee793000 r--s 00028000 08:06 3807731                    /home/ravikiran/.gradle/wrapper/dists/gradle-2.10-all/a4w5fzrkeut1ox71xslb49gst/gradle-2.10/lib/plugins/gradle-platform-play-2.10.jar
7fcbee793000-7fcbee7a0000 r--s 0004f000 08:06 3807730                    /home/ravikiran/.gradle/wrapper/dists/gradle-2.10-all/a4w5fzrkeut1ox71xslb49gst/gradle-2.10/lib/plugins/gradle-platform-native-2.10.jar
7fcbee7a0000-7fcbee7a3000 r--s 00008000 08:06 3807729                    /home/ravikiran/.gradle/wrapper/dists/gradle-2.10-all/a4w5fzrkeut1ox71xslb49gst/gradle-2.10/lib/plugins/gradle-language-scala-2.10.jar
7fcbee7a3000-7fcbee7a5000 r--s 00009000 08:06 3807728                    /home/ravikiran/.gradle/wrapper/dists/gradle-2.10-all/a4w5fzrkeut1ox71xslb49gst/gradle-2.10/lib/plugins/gradle-language-groovy-2.10.jar
7fcbee7a5000-7fcbee7ab000 r--s 00023000 08:06 3807727                    /home/ravikiran/.gradle/wrapper/dists/gradle-2.10-all/a4w5fzrkeut1ox71xslb49gst/gradle-2.10/lib/plugins/gradle-language-java-2.10.jar
7fcbee7ab000-7fcbee7ad000 r--s 00008000 08:06 3807726                    /home/ravikiran/.gradle/wrapper/dists/gradle-2.10-all/a4w5fzrkeut1ox71xslb49gst/gradle-2.10/lib/plugins/gradle-language-jvm-2.10.jar
7fcbee7ad000-7fcbee7b0000 r--s 00015000 08:06 3807725                    /home/ravikiran/.gradle/wrapper/dists/gradle-2.10-all/a4w5fzrkeut1ox71xslb49gst/gradle-2.10/lib/plugins/gradle-platform-jvm-2.10.jar
7fcbee7b0000-7fcbee7b8000 r--s 0002b000 08:06 3807724                    /home/ravikiran/.gradle/wrapper/dists/gradle-2.10-all/a4w5fzrkeut1ox71xslb49gst/gradle-2.10/lib/plugins/gradle-platform-base-2.10.jar
7fcbee7b8000-7fcbee7bc000 r--s 00020000 08:06 3807723                    /home/ravikiran/.gradle/wrapper/dists/gradle-2.10-all/a4w5fzrkeut1ox71xslb49gst/gradle-2.10/lib/plugins/gradle-build-init-2.10.jar
7fcbee7bc000-7fcbee7bf000 r--s 00017000 08:06 3807722                    /home/ravikiran/.gradle/wrapper/dists/gradle-2.10-all/a4w5fzrkeut1ox71xslb49gst/gradle-2.10/lib/plugins/gradle-jacoco-2.10.jar
7fcbee7bf000-7fcbee7c2000 r--s 0000e000 08:06 3807721                    /home/ravikiran/.gradle/wrapper/dists/gradle-2.10-all/a4w5fzrkeut1ox71xslb49gst/gradle-2.10/lib/plugins/gradle-ivy-2.10.jar
7fcbee7c2000-7fcbee7c4000 r--s 00002000 08:06 3807720                    /home/ravikiran/.gradle/wrapper/dists/gradle-2.10-all/a4w5fzrkeut1ox71xslb49gst/gradle-2.10/lib/plugins/gradle-publish-2.10.jar
7fcbee7c4000-7fcbee7c6000 r--s 00005000 08:06 3807762                    /home/ravikiran/.gradle/wrapper/dists/gradle-2.10-all/a4w5fzrkeut1ox71xslb49gst/gradle-2.10/lib/plugins/jatl-0.2.2.jar
7fcbee7c6000-7fcbee7c8000 r--s 0000f000 08:06 3807719                    /home/ravikiran/.gradle/wrapper/dists/gradle-2.10-all/a4w5fzrkeut1ox71xslb49gst/gradle-2.10/lib/plugins/gradle-reporting-2.10.jar
7fcbee7c8000-7fcbee7ce000 r--s 00036000 08:06 3807718                    /home/ravikiran/.gradle/wrapper/dists/gradle-2.10-all/a4w5fzrkeut1ox71xslb49gst/gradle-2.10/lib/plugins/gradle-diagnostics-2.10.jar
7fcbee7ce000-7fcbee7d5000 r--s 0008f000 08:06 3807717                    /home/ravikiran/.gradle/wrapper/dists/gradle-2.10-all/a4w5fzrkeut1ox71xslb49gst/gradle-2.10/lib/plugins/gradle-build-comparison-2.10.jar
7fcbee7d5000-7fcbee7dc000 r--s 00035000 08:06 3807761                    /home/ravikiran/.gradle/wrapper/dists/gradle-2.10-all/a4w5fzrkeut1ox71xslb49gst/gradle-2.10/lib/plugins/simple-4.1.21.jar
7fcbee7dc000-7fcbee7e8000 r--s 00100000 08:06 3807759                    /home/ravikiran/.gradle/wrapper/dists/gradle-2.10-all/a4w5fzrkeut1ox71xslb49gst/gradle-2.10/lib/plugins/rhino-1.7R3.jar
7fcbee7e8000-7fcbee7ec000 r--s 0001c000 08:06 3807716                    /home/ravikiran/.gradle/wrapper/dists/gradle-2.10-all/a4w5fzrkeut1ox71xslb49gst/gradle-2.10/lib/plugins/gradle-javascript-2.10.jar
7fcbee7ec000-7fcbee7ee000 r--s 0000b000 08:06 3807715                    /home/ravikiran/.gradle/wrapper/dists/gradle-2.10-all/a4w5fzrkeut1ox71xslb49gst/gradle-2.10/lib/plugins/gradle-ear-2.10.jar
7fcbee7ee000-7fcbee7f5000 r--s 00038000 08:06 3807758                    /home/ravikiran/.gradle/wrapper/dists/gradle-2.10-all/a4w5fzrkeut1ox71xslb49gst/gradle-2.10/lib/plugins/bcpg-jdk15on-1.51.jar
7fcbee7f5000-7fcbee7f7000 r--s 00017000 08:06 3807714                    /home/ravikiran/.gradle/wrapper/dists/gradle-2.10-all/a4w5fzrkeut1ox71xslb49gst/gradle-2.10/lib/plugins/gradle-signing-2.10.jar
7fcbee7f7000-7fcbee7f8000 r--s 00002000 08:06 3807757                    /home/ravikiran/.gradle/wrapper/dists/gradle-2.10-all/a4w5fzrkeut1ox71xslb49gst/gradle-2.10/lib/plugins/sonar-batch-bootstrapper-2.9.jar
7fcbee7f8000-7fcbee7fb000 r--s 00015000 08:06 3807713                    /home/ravikiran/.gradle/wrapper/dists/gradle-2.10-all/a4w5fzrkeut1ox71xslb49gst/gradle-2.10/lib/plugins/gradle-sonar-2.10.jar
7fcbee7fb000-7fcbee7fe000 r--s 00010000 08:06 3807712                    /home/ravikiran/.gradle/wrapper/dists/gradle-2.10-all/a4w5fzrkeut1ox71xslb49gst/gradle-2.10/lib/plugins/gradle-scala-2.10.jar
7fcbee7fe000-7fcbee800000 r--s 0000a000 08:06 3807711                    /home/ravikiran/.gradle/wrapper/dists/gradle-2.10-all/a4w5fzrkeut1ox71xslb49gst/gradle-2.10/lib/plugins/gradle-announce-2.10.jar
7fcbee800000-7fcbee80f000 r--s 0009f000 08:06 3807710                    /home/ravikiran/.gradle/wrapper/dists/gradle-2.10-all/a4w5fzrkeut1ox71xslb49gst/gradle-2.10/lib/plugins/gradle-ide-2.10.jar
7fcbee80f000-7fcbee812000 r--s 0000c000 08:06 3807756                    /home/ravikiran/.gradle/wrapper/dists/gradle-2.10-all/a4w5fzrkeut1ox71xslb49gst/gradle-2.10/lib/plugins/pmaven-groovy-0.8-20100325.jar
7fcbee812000-7fcbee813000 r--s 00004000 08:06 3807755                    /home/ravikiran/.gradle/wrapper/dists/gradle-2.10-all/a4w5fzrkeut1ox71xslb49gst/gradle-2.10/lib/plugins/pmaven-common-0.8-20100325.jar
7fcbee813000-7fcbee819000 r--s 00022000 08:06 3807709                    /home/ravikiran/.gradle/wrapper/dists/gradle-2.10-all/a4w5fzrkeut1ox71xslb49gst/gradle-2.10/lib/plugins/gradle-maven-2.10.jar
7fcbee819000-7fcbee83a000 r--s 001c3000 08:06 3807753                    /home/ravikiran/.gradle/wrapper/dists/gradle-2.10-all/a4w5fzrkeut1ox71xslb49gst/gradle-2.10/lib/plugins/bndlib-2.4.0.jar
7fcbee83a000-7fcbee83c000 r--s 00004000 08:06 3807708                    /home/ravikiran/.gradle/wrapper/dists/gradle-2.10-all/a4w5fzrkeut1ox71xslb49gst/gradle-2.10/lib/plugins/gradle-osgi-2.10.jar
7fcbee83c000-7fcbee83e000 r--s 00008000 08:06 3807707                    /home/ravikiran/.gradle/wrapper/dists/gradle-2.10-all/a4w5fzrkeut1ox71xslb49gst/gradle-2.10/lib/plugins/gradle-antlr-2.10.jar
7fcbee83e000-7fcbee841000 r--s 0001e000 08:06 3807781                    /home/ravikiran/.gradle/wrapper/dists/gradle-2.10-all/a4w5fzrkeut1ox71xslb49gst/gradle-2.10/lib/plugins/jsp-api-2.1-6.1.14.jar
7fcbee841000-7fcbee864000 r--s 00344000 08:06 3807780                    /home/ravikiran/.gradle/wrapper/dists/gradle-2.10-all/a4w5fzrkeut1ox71xslb49gst/gradle-2.10/lib/plugins/core-3.1.1.jar
7fcbee864000-7fcbee865000 r--s 00006000 08:06 3807779                    /home/ravikiran/.gradle/wrapper/dists/gradle-2.10-all/a4w5fzrkeut1ox71xslb49gst/gradle-2.10/lib/plugins/jetty-naming-6.1.25.jar
7fcbee865000-7fcbee866000 r--s 00002000 08:06 3807752                    /home/ravikiran/.gradle/wrapper/dists/gradle-2.10-all/a4w5fzrkeut1ox71xslb49gst/gradle-2.10/lib/plugins/geronimo-annotation_1.0_spec-1.0.jar
7fcbee866000-7fcbee868000 r--s 00002000 08:06 3807751                    /home/ravikiran/.gradle/wrapper/dists/gradle-2.10-all/a4w5fzrkeut1ox71xslb49gst/gradle-2.10/lib/plugins/jetty-annotations-6.1.25.jar
7fcbee868000-7fcbee879000 r--s 000ea000 08:06 3807750                    /home/ravikiran/.gradle/wrapper/dists/gradle-2.10-all/a4w5fzrkeut1ox71xslb49gst/gradle-2.10/lib/plugins/jsp-2.1-6.1.14.jar
7fcbee879000-7fcbee87b000 r--s 0000d000 08:06 3807749                    /home/ravikiran/.gradle/wrapper/dists/gradle-2.10-all/a4w5fzrkeut1ox71xslb49gst/gradle-2.10/lib/plugins/jetty-plus-6.1.25.jar
7fcbee87b000-7fcbee87d000 r--s 0001f000 08:06 3807748                    /home/ravikiran/.gradle/wrapper/dists/gradle-2.10-all/a4w5fzrkeut1ox71xslb49gst/gradle-2.10/lib/plugins/servlet-api-2.5-20081211.jar
7fcbee87d000-7fcbee881000 r--s 00028000 08:06 3807747                    /home/ravikiran/.gradle/wrapper/dists/gradle-2.10-all/a4w5fzrkeut1ox71xslb49gst/gradle-2.10/lib/plugins/jetty-util-6.1.25.jar
7fcbee881000-7fcbee888000 r--s 0007d000 08:06 3807746                    /home/ravikiran/.gradle/wrapper/dists/gradle-2.10-all/a4w5fzrkeut1ox71xslb49gst/gradle-2.10/lib/plugins/jetty-6.1.25.jar
7fcbee888000-7fcbee88a000 r--s 00009000 08:06 3807706                    /home/ravikiran/.gradle/wrapper/dists/gradle-2.10-all/a4w5fzrkeut1ox71xslb49gst/gradle-2.10/lib/plugins/gradle-jetty-2.10.jar
7fcbee88a000-7fcbee890000 r--s 00037000 08:06 3807705                    /home/ravikiran/.gradle/wrapper/dists/gradle-2.10-all/a4w5fzrkeut1ox71xslb49gst/gradle-2.10/lib/plugins/gradle-code-quality-2.10.jar
7fcbee890000-7fcbee892000 r--s 00009000 08:06 3807811                    /home/ravikiran/.gradle/wrapper/dists/gradle-2.10-all/a4w5fzrkeut1ox71xslb49gst/gradle-2.10/lib/plugins/hamcrest-core-1.3.jar
7fcbee892000-7fcbee898000 r--s 00033000 08:06 3807778                    /home/ravikiran/.gradle/wrapper/dists/gradle-2.10-all/a4w5fzrkeut1ox71xslb49gst/gradle-2.10/lib/plugins/snakeyaml-1.6.jar
7fcbee898000-7fcbee89a000 r--s 00006000 08:06 3807777                    /home/ravikiran/.gradle/wrapper/dists/gradle-2.10-all/a4w5fzrkeut1ox71xslb49gst/gradle-2.10/lib/plugins/jcommander-1.12.jar
7fcbee89a000-7fcbee89f000 r--s 00040000 08:06 3807776                    /home/ravikiran/.gradle/wrapper/dists/gradle-2.10-all/a4w5fzrkeut1ox71xslb49gst/gradle-2.10/lib/plugins/bsh-2.0b4.jar
7fcbee89f000-7fcbee8a1000 r--s 00009000 08:06 3807745                    /home/ravikiran/.gradle/wrapper/dists/gradle-2.10-all/a4w5fzrkeut1ox71xslb49gst/gradle-2.10/lib/plugins/commons-cli-1.2.jar
7fcbee8a1000-7fcbee8aa000 r--s 00089000 08:06 3807744                    /home/ravikiran/.gradle/wrapper/dists/gradle-2.10-all/a4w5fzrkeut1ox71xslb49gst/gradle-2.10/lib/plugins/testng-6.3.1.jar
7fcbee8aa000-7fcbee8b2000 r--s 00045000 08:06 3807743                    /home/ravikiran/.gradle/wrapper/dists/gradle-2.10-all/a4w5fzrkeut1ox71xslb49gst/gradle-2.10/lib/plugins/junit-4.12.jar
7fcbee8b2000-7fcbee8bf000 r--s 00073000 08:06 3807704                    /home/ravikiran/.gradle/wrapper/dists/gradle-2.10-all/a4w5fzrkeut1ox71xslb49gst/gradle-2.10/lib/plugins/gradle-plugins-2.10.jar
7fcbee8bf000-7fcbee8d7000 r--s 00115000 08:06 3807809                    /home/ravikiran/.gradle/wrapper/dists/gradle-2.10-all/a4w5fzrkeut1ox71xslb49gst/gradle-2.10/lib/plugins/xercesImpl-2.9.1.jar
7fcbee8d7000-7fcbee8df000 r--s 00028000 08:06 3807810                    /home/ravikiran/.gradle/wrapper/dists/gradle-2.10-all/a4w5fzrkeut1ox71xslb49gst/gradle-2.10/lib/plugins/xml-apis-1.3.04.jar
7fcbee8df000-7fcbee8e5000 r--s 0005b000 08:06 3807808                    /home/ravikiran/.gradle/wrapper/dists/gradle-2.10-all/a4w5fzrkeut1ox71xslb49gst/gradle-2.10/lib/plugins/jcifs-1.3.17.jar
7fcbee8e5000-7fcbee8eb000 r--s 00031000 08:06 3807807                    /home/ravikiran/.gradle/wrapper/dists/gradle-2.10-all/a4w5fzrkeut1ox71xslb49gst/gradle-2.10/lib/plugins/httpcore-4.2.2.jar
7fcbee8eb000-7fcbee8f1000 r--s 00033000 08:06 3807806                    /home/ravikiran/.gradle/wrapper/dists/gradle-2.10-all/a4w5fzrkeut1ox71xslb49gst/gradle-2.10/lib/plugins/commons-codec-1.6.jar
7fcbee8f1000-7fcbee8f4000 r--s 0001c000 08:06 3807764                    /home/ravikiran/.gradle/wrapper/dists/gradle-2.10-all/a4w5fzrkeut1ox71xslb49gst/gradle-2.10/lib/plugins/nekohtml-1.9.14.jar
7fcbee8f4000-7fcbee8fd000 r--s 00060000 08:06 3807763                    /home/ravikiran/.gradle/wrapper/dists/gradle-2.10-all/a4w5fzrkeut1ox71xslb49gst/gradle-2.10/lib/plugins/httpclient-4.2.2.jar
7fcbee8fd000-7fcbee8ff000 r--s 00009000 08:06 3807737                    /home/ravikiran/.gradle/wrapper/dists/gradle-2.10-all/a4w5fzrkeut1ox71xslb49gst/gradle-2.10/lib/plugins/gradle-resources-http-2.10.jar
7fcbee8ff000-7fcbee902000 r--s 00011000 08:06 3807736                    /home/ravikiran/.gradle/wrapper/dists/gradle-2.10-all/a4w5fzrkeut1ox71xslb49gst/gradle-2.10/lib/plugins/gradle-plugin-use-2.10.jar
7fcbee902000-7fcbee903000 r--s 00007000 08:06 3807805                    /home/ravikiran/.gradle/wrapper/dists/gradle-2.10-all/a4w5fzrkeut1ox71xslb49gst/gradle-2.10/lib/plugins/wagon-http-shared4-2.4.jar
7fcbee903000-7fcbee907000 r--s 00033000 08:06 3807804                    /home/ravikiran/.gradle/wrapper/dists/gradle-2.10-all/a4w5fzrkeut1ox71xslb49gst/gradle-2.10/lib/plugins/plexus-utils-2.0.6.jar
7fcbee907000-7fcbee90b000 r--s 00021000 08:06 3807803                    /home/ravikiran/.gradle/wrapper/dists/gradle-2.10-all/a4w5fzrkeut1ox71xslb49gst/gradle-2.10/lib/plugins/maven-model-builder-3.0.4.jar
7fcbee90b000-7fcbee90c000 r--s 00002000 08:06 3807802                    /home/ravikiran/.gradle/wrapper/dists/gradle-2.10-all/a4w5fzrkeut1ox71xslb49gst/gradle-2.10/lib/plugins/wagon-file-2.4.jar
7fcbee90c000-7fcbee90e000 r--s 00002000 08:06 3807801                    /home/ravikiran/.gradle/wrapper/dists/gradle-2.10-all/a4w5fzrkeut1ox71xslb49gst/gradle-2.10/lib/plugins/plexus-cipher-1.7.jar
7fcbee90e000-7fcbee911000 r--s 00013000 08:06 3807800                    /home/ravikiran/.gradle/wrapper/dists/gradle-2.10-all/a4w5fzrkeut1ox71xslb49gst/gradle-2.10/lib/plugins/aether-api-1.13.1.jar
7fcbee911000-7fcbee913000 r--s 0000a000 08:06 3807799                    /home/ravikiran/.gradle/wrapper/dists/gradle-2.10-all/a4w5fzrkeut1ox71xslb49gst/gradle-2.10/lib/plugins/maven-settings-3.0.4.jar
7fcbee913000-7fcbee915000 r--s 0000d000 08:06 3807798                    /home/ravikiran/.gradle/wrapper/dists/gradle-2.10-all/a4w5fzrkeut1ox71xslb49gst/gradle-2.10/lib/plugins/plexus-interpolation-1.14.jar
7fcbee915000-7fcbee917000 r--s 0000b000 08:06 3807797                    /home/ravikiran/.gradle/wrapper/dists/gradle-2.10-all/a4w5fzrkeut1ox71xslb49gst/gradle-2.10/lib/plugins/maven-artifact-3.0.4.jar
7fcbee917000-7fcbee91e000 r--s 0002e000 08:06 3807796                    /home/ravikiran/.gradle/wrapper/dists/gradle-2.10-all/a4w5fzrkeut1ox71xslb49gst/gradle-2.10/lib/plugins/plexus-container-default-1.5.5.jar
7fcbee91e000-7fcbee920000 r--s 0000b000 08:06 3807795                    /home/ravikiran/.gradle/wrapper/dists/gradle-2.10-all/a4w5fzrkeut1ox71xslb49gst/gradle-2.10/lib/plugins/maven-plugin-api-3.0.4.jar
7fcbee920000-7fcbee922000 r--s 00000000 08:06 3807812                    /home/ravikiran/.gradle/wrapper/dists/gradle-2.10-all/a4w5fzrkeut1ox71xslb49gst/gradle-2.10/lib/plugins/plexus-component-annotations-1.5.5.jar
7fcbee922000-7fcbee928000 r--s 0003f000 08:06 3807794                    /home/ravikiran/.gradle/wrapper/dists/gradle-2.10-all/a4w5fzrkeut1ox71xslb49gst/gradle-2.10/lib/plugins/maven-compat-3.0.4.jar
7fcbee928000-7fcbee92b000 r--s 00008000 08:06 3807793                    /home/ravikiran/.gradle/wrapper/dists/gradle-2.10-all/a4w5fzrkeut1ox71xslb49gst/gradle-2.10/lib/plugins/maven-settings-builder-3.0.4.jar
7fcbee92b000-7fcbee92c000 r--s 00002000 08:06 3807792                    /home/ravikiran/.gradle/wrapper/dists/gradle-2.10-all/a4w5fzrkeut1ox71xslb49gst/gradle-2.10/lib/plugins/wagon-http-2.4.jar
7fcbee92c000-7fcbee92e000 r--s 00026000 08:06 3807791                    /home/ravikiran/.gradle/wrapper/dists/gradle-2.10-all/a4w5fzrkeut1ox71xslb49gst/gradle-2.10/lib/plugins/maven-model-3.0.4.jar
7fcbee92e000-7fcbee930000 r--s 00006000 08:06 3807790                    /home/ravikiran/.gradle/wrapper/dists/gradle-2.10-all/a4w5fzrkeut1ox71xslb49gst/gradle-2.10/lib/plugins/aether-connector-wagon-1.13.1.jar
7fcbee930000-7fcbee932000 r--s 0000a000 08:06 3807789                    /home/ravikiran/.gradle/wrapper/dists/gradle-2.10-all/a4w5fzrkeut1ox71xslb49gst/gradle-2.10/lib/plugins/plexus-classworlds-2.4.jar
7fcbee932000-7fcbee934000 r--s 00006000 08:06 3807788                    /home/ravikiran/.gradle/wrapper/dists/gradle-2.10-all/a4w5fzrkeut1ox71xslb49gst/gradle-2.10/lib/plugins/maven-repository-metadata-3.0.4.jar
7fcbee934000-7fcbee936000 r--s 0000c000 08:06 3807787                    /home/ravikiran/.gradle/wrapper/dists/gradle-2.10-all/a4w5fzrkeut1ox71xslb49gst/gradle-2.10/lib/plugins/maven-aether-provider-3.0.4.jar
7fcbee936000-7fcbee938000 r--s 0000b000 08:06 3807786                    /home/ravikiran/.gradle/wrapper/dists/gradle-2.10-all/a4w5fzrkeut1ox71xslb49gst/gradle-2.10/lib/plugins/wagon-provider-api-2.4.jar
7fcbee938000-7fcbee939000 r--s 00003000 08:06 3807785                    /home/ravikiran/.gradle/wrapper/dists/gradle-2.10-all/a4w5fzrkeut1ox71xslb49gst/gradle-2.10/lib/plugins/aether-spi-1.13.1.jar
7fcbee939000-7fcbee93d000 r--s 0001c000 08:06 3807784                    /home/ravikiran/.gradle/wrapper/dists/gradle-2.10-all/a4w5fzrkeut1ox71xslb49gst/gradle-2.10/lib/plugins/aether-util-1.13.1.jar
7fcbee93d000-7fcbee940000 r--s 0001d000 08:06 3807783                    /home/ravikiran/.gradle/wrapper/dists/gradle-2.10-all/a4w5fzrkeut1ox71xslb49gst/gradle-2.10/lib/plugins/aether-impl-1.13.1.jar
7fcbee940000-7fcbee945000 r--s 00040000 08:06 3807765                    /home/ravikiran/.gradle/wrapper/dists/gradle-2.10-all/a4w5fzrkeut1ox71xslb49gst/gradle-2.10/lib/plugins/jsch-0.1.53.jar
7fcbee945000-7fcbee985000 r--s 00277000 08:06 3807775                    /home/ravikiran/.gradle/wrapper/dists/gradle-2.10-all/a4w5fzrkeut1ox71xslb49gst/gradle-2.10/lib/plugins/bcprov-jdk15on-1.51.jar
7fcbee985000-7fcbee989000 r--s 0001d000 08:06 3807774                    /home/ravikiran/.gradle/wrapper/dists/gradle-2.10-all/a4w5fzrkeut1ox71xslb49gst/gradle-2.10/lib/plugins/xbean-reflect-3.4.jar
7fcbee989000-7fcbee995000 r--s 0007d000 08:06 3807754                    /home/ravikiran/.gradle/wrapper/dists/gradle-2.10-all/a4w5fzrkeut1ox71xslb49gst/gradle-2.10/lib/plugins/maven-core-3.0.4.jar
7fcbee995000-7fcbee9b1000 r--s 000c9000 08:06 3807741                    /home/ravikiran/.gradle/wrapper/dists/gradle-2.10-all/a4w5fzrkeut1ox71xslb49gst/gradle-2.10/lib/plugins/gradle-dependency-management-2.10.jar
7fcbee9b1000-7fcbee9c7000 r-xp 00000000 08:06 397647                     /lib/x86_64-linux-gnu/libgcc_s.so.1
7fcbee9c7000-7fcbeebc6000 ---p 00016000 08:06 397647                     /lib/x86_64-linux-gnu/libgcc_s.so.1
7fcbeebc6000-7fcbeebc7000 rw-p 00015000 08:06 397647                     /lib/x86_64-linux-gnu/libgcc_s.so.1
7fcbeebc7000-7fcbeecad000 r-xp 00000000 08:06 1189249                    /usr/lib/x86_64-linux-gnu/libstdc++.so.6.0.19
7fcbeecad000-7fcbeeeac000 ---p 000e6000 08:06 1189249                    /usr/lib/x86_64-linux-gnu/libstdc++.so.6.0.19
7fcbeeeac000-7fcbeeeb4000 r--p 000e5000 08:06 1189249                    /usr/lib/x86_64-linux-gnu/libstdc++.so.6.0.19
7fcbeeeb4000-7fcbeeeb6000 rw-p 000ed000 08:06 1189249                    /usr/lib/x86_64-linux-gnu/libstdc++.so.6.0.19
7fcbeeeb6000-7fcbeeecb000 rw-p 00000000 00:00 0 
7fcbeeecb000-7fcbeeecc000 r--s 00006000 08:06 3807782                    /home/ravikiran/.gradle/wrapper/dists/gradle-2.10-all/a4w5fzrkeut1ox71xslb49gst/gradle-2.10/lib/plugins/plexus-sec-dispatcher-1.3.jar
7fcbeeecc000-7fcbeeed1000 r--s 0002a000 08:06 3807760                    /home/ravikiran/.gradle/wrapper/dists/gradle-2.10-all/a4w5fzrkeut1ox71xslb49gst/gradle-2.10/lib/plugins/gson-2.2.4.jar
7fcbeeed1000-7fcbeeee0000 r--s 000d9000 08:06 3807773                    /home/ravikiran/.gradle/wrapper/dists/gradle-2.10-all/a4w5fzrkeut1ox71xslb49gst/gradle-2.10/lib/plugins/ivy-2.2.0.jar
7fcbeeee0000-7fcbeeee4000 r-xp 00000000 08:06 3805042                    /home/ravikiran/.gradle/native/19/linux-amd64/libnative-platform.so
7fcbeeee4000-7fcbef0e3000 ---p 00004000 08:06 3805042                    /home/ravikiran/.gradle/native/19/linux-amd64/libnative-platform.so
7fcbef0e3000-7fcbef0e4000 rw-p 00003000 08:06 3805042                    /home/ravikiran/.gradle/native/19/linux-amd64/libnative-platform.so
7fcbef0e4000-7fcbef0f5000 r-xp 00000000 08:06 1194246                    /usr/lib/jvm/java-8-oracle/jre/lib/amd64/libnio.so
7fcbef0f5000-7fcbef2f4000 ---p 00011000 08:06 1194246                    /usr/lib/jvm/java-8-oracle/jre/lib/amd64/libnio.so
7fcbef2f4000-7fcbef2f5000 rw-p 00010000 08:06 1194246                    /usr/lib/jvm/java-8-oracle/jre/lib/amd64/libnio.so
7fcbef2f5000-7fcbef30b000 r-xp 00000000 08:06 1194247                    /usr/lib/jvm/java-8-oracle/jre/lib/amd64/libnet.so
7fcbef30b000-7fcbef50b000 ---p 00016000 08:06 1194247                    /usr/lib/jvm/java-8-oracle/jre/lib/amd64/libnet.so
7fcbef50b000-7fcbef50c000 rw-p 00016000 08:06 1194247                    /usr/lib/jvm/java-8-oracle/jre/lib/amd64/libnet.so
7fcbef50c000-7fcbef50d000 r--s 00006000 08:06 3807657                    /home/ravikiran/.gradle/wrapper/dists/gradle-2.10-all/a4w5fzrkeut1ox71xslb49gst/gradle-2.10/lib/gradle-wrapper-2.10.jar
7fcbef50d000-7fcbef518000 r--s 0003b000 08:06 3807662                    /home/ravikiran/.gradle/wrapper/dists/gradle-2.10-all/a4w5fzrkeut1ox71xslb49gst/gradle-2.10/lib/gradle-tooling-api-2.10.jar
7fcbef518000-7fcbef51a000 r--s 00002000 08:06 3807684                    /home/ravikiran/.gradle/wrapper/dists/gradle-2.10-all/a4w5fzrkeut1ox71xslb49gst/gradle-2.10/lib/gradle-open-api-2.10.jar
7fcbef51a000-7fcbef520000 r--s 00032000 08:06 3807686                    /home/ravikiran/.gradle/wrapper/dists/gradle-2.10-all/a4w5fzrkeut1ox71xslb49gst/gradle-2.10/lib/jaxen-1.1.jar
7fcbef520000-7fcbef525000 r--s 00048000 08:06 3807685                    /home/ravikiran/.gradle/wrapper/dists/gradle-2.10-all/a4w5fzrkeut1ox71xslb49gst/gradle-2.10/lib/dom4j-1.6.1.jar
7fcbef525000-7fcbef530000 r--s 00059000 08:06 3807661                    /home/ravikiran/.gradle/wrapper/dists/gradle-2.10-all/a4w5fzrkeut1ox71xslb49gst/gradle-2.10/lib/gradle-ui-2.10.jar
7fcbef530000-7fcbef533000 r--s 00008000 08:06 3807680                    /home/ravikiran/.gradle/wrapper/dists/gradle-2.10-all/a4w5fzrkeut1ox71xslb49gst/gradle-2.10/lib/gradle-resources-2.10.jar
7fcbef533000-7fcbef535000 r--s 00007000 08:06 3807702                    /home/ravikiran/.gradle/wrapper/dists/gradle-2.10-all/a4w5fzrkeut1ox71xslb49gst/gradle-2.10/lib/objenesis-1.2.jar
7fcbef535000-7fcbef537000 r--s 00000000 08:06 3807701                    /home/ravikiran/.gradle/wrapper/dists/gradle-2.10-all/a4w5fzrkeut1ox71xslb49gst/gradle-2.10/lib/minlog-1.2.jar
7fcbef537000-7fcbef539000 r--s 0000f000 08:06 3807700                    /home/ravikiran/.gradle/wrapper/dists/gradle-2.10-all/a4w5fzrkeut1ox71xslb49gst/gradle-2.10/lib/reflectasm-1.07-shaded.jar
7fcbef539000-7fcbef53d000 r--s 00026000 08:06 3807691                    /home/ravikiran/.gradle/wrapper/dists/gradle-2.10-all/a4w5fzrkeut1ox71xslb49gst/gradle-2.10/lib/kryo-2.20.jar
7fcbef53d000-7fcbef546000 r--s 0003f000 08:06 3807679                    /home/ravikiran/.gradle/wrapper/dists/gradle-2.10-all/a4w5fzrkeut1ox71xslb49gst/gradle-2.10/lib/gradle-messaging-2.10.jar
7fcbef546000-7fcbef547000 r--s 00003000 08:06 3807699                    /home/ravikiran/.gradle/wrapper/dists/gradle-2.10-all/a4w5fzrkeut1ox71xslb49gst/gradle-2.10/lib/native-platform-freebsd-amd64-0.10.jar
7fcbef547000-7fcbef548000 r--s 00003000 08:06 3807698                    /home/ravikiran/.gradle/wrapper/dists/gradle-2.10-all/a4w5fzrkeut1ox71xslb49gst/gradle-2.10/lib/native-platform-freebsd-i386-0.10.jar
7fcbef548000-7fcbef549000 r--s 00005000 08:06 3807697                    /home/ravikiran/.gradle/wrapper/dists/gradle-2.10-all/a4w5fzrkeut1ox71xslb49gst/gradle-2.10/lib/native-platform-windows-i386-0.10.jar
7fcbef549000-7fcbef54a000 r--s 00005000 08:06 3807696                    /home/ravikiran/.gradle/wrapper/dists/gradle-2.10-all/a4w5fzrkeut1ox71xslb49gst/gradle-2.10/lib/native-platform-windows-amd64-0.10.jar
7fcbef54a000-7fcbef54b000 r--s 00003000 08:06 3807695                    /home/ravikiran/.gradle/wrapper/dists/gradle-2.10-all/a4w5fzrkeut1ox71xslb49gst/gradle-2.10/lib/native-platform-linux-i386-0.10.jar
7fcbef54b000-7fcbef54c000 r--s 00003000 08:06 3807694                    /home/ravikiran/.gradle/wrapper/dists/gradle-2.10-all/a4w5fzrkeut1ox71xslb49gst/gradle-2.10/lib/native-platform-linux-amd64-0.10.jar
7fcbef54c000-7fcbef54d000 r--s 00002000 08:06 3807693                    /home/ravikiran/.gradle/wrapper/dists/gradle-2.10-all/a4w5fzrkeut1ox71xslb49gst/gradle-2.10/lib/native-platform-osx-amd64-0.10.jar
7fcbef54d000-7fcbef54f000 r--s 00008000 08:06 3807689                    /home/ravikiran/.gradle/wrapper/dists/gradle-2.10-all/a4w5fzrkeut1ox71xslb49gst/gradle-2.10/lib/jansi-1.2.1.jar
7fcbef54f000-7fcbef552000 r--s 0000d000 08:06 3807688                    /home/ravikiran/.gradle/wrapper/dists/gradle-2.10-all/a4w5fzrkeut1ox71xslb49gst/gradle-2.10/lib/native-platform-0.10.jar
7fcbef552000-7fcbef556000 r--s 000e4000 08:06 3807687                    /home/ravikiran/.gradle/wrapper/dists/gradle-2.10-all/a4w5fzrkeut1ox71xslb49gst/gradle-2.10/lib/jna-3.2.7.jar
7fcbef556000-7fcbef558000 r--s 00008000 08:06 3807663                    /home/ravikiran/.gradle/wrapper/dists/gradle-2.10-all/a4w5fzrkeut1ox71xslb49gst/gradle-2.10/lib/gradle-native-2.10.jar
7fcbef558000-7fcbef565000 r--s 00073000 08:06 3807668                    /home/ravikiran/.gradle/wrapper/dists/gradle-2.10-all/a4w5fzrkeut1ox71xslb49gst/gradle-2.10/lib/gradle-model-core-2.10.jar
7fcbef565000-7fcbef5d4000 r--s 0063e000 08:06 3807667                    /home/ravikiran/.gradle/wrapper/dists/gradle-2.10-all/a4w5fzrkeut1ox71xslb49gst/gradle-2.10/lib/groovy-all-2.4.4.jar
7fcbef5d4000-7fcbef5fc000 r--s 001cf000 08:06 3807665                    /home/ravikiran/.gradle/wrapper/dists/gradle-2.10-all/a4w5fzrkeut1ox71xslb49gst/gradle-2.10/lib/guava-jdk5-17.0.jar
7fcbef5fc000-7fcbef61b000 r--s 001cc000 08:06 3807671                    /home/ravikiran/.gradle/wrapper/dists/gradle-2.10-all/a4w5fzrkeut1ox71xslb49gst/gradle-2.10/lib/ant-1.9.3.jar
7fcbef61b000-7fcbef61c000 ---p 00000000 00:00 0 
7fcbef61c000-7fcbef71c000 rw-p 00000000 00:00 0                          [stack:3540]
7fcbef71c000-7fcbef71f000 ---p 00000000 00:00 0 
7fcbef71f000-7fcbef81d000 rw-p 00000000 00:00 0                          [stack:3539]
7fcbef81d000-7fcbef820000 ---p 00000000 00:00 0 
7fcbef820000-7fcbef91e000 rw-p 00000000 00:00 0                          [stack:3538]
7fcbef91e000-7fcbf0000000 r--p 00000000 08:06 1187217                    /usr/lib/locale/locale-archive
7fcbf0000000-7fcbf0031000 rw-p 00000000 00:00 0 
7fcbf0031000-7fcbf4000000 ---p 00000000 00:00 0 
7fcbf4000000-7fcbf4002000 r--s 00005000 08:06 3807660                    /home/ravikiran/.gradle/wrapper/dists/gradle-2.10-all/a4w5fzrkeut1ox71xslb49gst/gradle-2.10/lib/gradle-cli-2.10.jar
7fcbf4002000-7fcbf4039000 r--s 001bc000 08:06 3807659                    /home/ravikiran/.gradle/wrapper/dists/gradle-2.10-all/a4w5fzrkeut1ox71xslb49gst/gradle-2.10/lib/gradle-core-2.10.jar
7fcbf4039000-7fcbf403c000 ---p 00000000 00:00 0 
7fcbf403c000-7fcbf413a000 rw-p 00000000 00:00 0                          [stack:3537]
7fcbf413a000-7fcbf413d000 ---p 00000000 00:00 0 
7fcbf413d000-7fcbf423b000 rw-p 00000000 00:00 0                          [stack:3536]
7fcbf423b000-7fcbf423e000 ---p 00000000 00:00 0 
7fcbf423e000-7fcbf433c000 rw-p 00000000 00:00 0                          [stack:3535]
7fcbf433c000-7fcbf433f000 ---p 00000000 00:00 0 
7fcbf433f000-7fcbf443d000 rw-p 00000000 00:00 0                          [stack:3534]
7fcbf443d000-7fcbf4440000 ---p 00000000 00:00 0 
7fcbf4440000-7fcbf453e000 rw-p 00000000 00:00 0                          [stack:3533]
7fcbf453e000-7fcbf453f000 ---p 00000000 00:00 0 
7fcbf453f000-7fcbf55b1000 rw-p 00000000 00:00 0                          [stack:3532]
7fcbf55b1000-7fcbf578a000 r--s 03d20000 08:06 1194290                    /usr/lib/jvm/java-8-oracle/jre/lib/rt.jar
7fcbf578a000-7fcbf8000000 rw-p 00000000 00:00 0 
7fcbf8000000-7fcbf8040000 rw-p 00000000 00:00 0 
7fcbf8040000-7fcbfc000000 ---p 00000000 00:00 0 
7fcbfc000000-7fcbfc001000 r--s 00002000 08:06 3807692                    /home/ravikiran/.gradle/wrapper/dists/gradle-2.10-all/a4w5fzrkeut1ox71xslb49gst/gradle-2.10/lib/native-platform-osx-i386-0.10.jar
7fcbfc001000-7fcbfc002000 r--s 00007000 08:06 3807669                    /home/ravikiran/.gradle/wrapper/dists/gradle-2.10-all/a4w5fzrkeut1ox71xslb49gst/gradle-2.10/lib/gradle-model-groovy-2.10.jar
7fcbfc002000-7fcbfc004000 r--s 00005000 08:06 3807678                    /home/ravikiran/.gradle/wrapper/dists/gradle-2.10-all/a4w5fzrkeut1ox71xslb49gst/gradle-2.10/lib/gradle-base-services-groovy-2.10.jar
7fcbfc004000-7fcbfc006000 r--s 00003000 08:06 3807683                    /home/ravikiran/.gradle/wrapper/dists/gradle-2.10-all/a4w5fzrkeut1ox71xslb49gst/gradle-2.10/lib/jcl-over-slf4j-1.7.10.jar
7fcbfc006000-7fcbfc014000 r--s 0007f000 08:06 3807672                    /home/ravikiran/.gradle/wrapper/dists/gradle-2.10-all/a4w5fzrkeut1ox71xslb49gst/gradle-2.10/lib/commons-collections-3.2.1.jar
7fcbfc014000-7fcbfc214000 rw-p 00000000 00:00 0 
7fcbfc214000-7fcbfc215000 ---p 00000000 00:00 0 
7fcbfc215000-7fcbfc315000 rw-p 00000000 00:00 0                          [stack:3531]
7fcbfc315000-7fcbfc316000 ---p 00000000 00:00 0 
7fcbfc316000-7fcbfc416000 rw-p 00000000 00:00 0                          [stack:3530]
7fcbfc416000-7fcbfc417000 ---p 00000000 00:00 0 
7fcbfc417000-7fcbfc517000 rw-p 00000000 00:00 0                          [stack:3529]
7fcbfc517000-7fcbfc518000 ---p 00000000 00:00 0 
7fcbfc518000-7fcbfc62e000 rw-p 00000000 00:00 0                          [stack:3528]
7fcbfc62e000-7fcbfc76d000 ---p 00000000 00:00 0 
7fcbfc76d000-7fcbfc7e3000 rw-p 00000000 00:00 0 
7fcbfc7e3000-7fcbfc818000 ---p 00000000 00:00 0 
7fcbfc818000-7fcbfc871000 rw-p 00000000 00:00 0 
7fcbfc871000-7fcbfcbd9000 ---p 00000000 00:00 0 
7fcbfcbd9000-7fcbfe1c9000 rwxp 00000000 00:00 0 
7fcbfe1c9000-7fcc0bbd9000 ---p 00000000 00:00 0 
7fcc0bbd9000-7fcc0bbf3000 r-xp 00000000 08:06 1194255                    /usr/lib/jvm/java-8-oracle/jre/lib/amd64/libzip.so
7fcc0bbf3000-7fcc0bdf3000 ---p 0001a000 08:06 1194255                    /usr/lib/jvm/java-8-oracle/jre/lib/amd64/libzip.so
7fcc0bdf3000-7fcc0bdf4000 rw-p 0001a000 08:06 1194255                    /usr/lib/jvm/java-8-oracle/jre/lib/amd64/libzip.so
7fcc0bdf4000-7fcc0bdff000 r-xp 00000000 08:06 397695                     /lib/x86_64-linux-gnu/libnss_files-2.19.so
7fcc0bdff000-7fcc0bffe000 ---p 0000b000 08:06 397695                     /lib/x86_64-linux-gnu/libnss_files-2.19.so
7fcc0bffe000-7fcc0bfff000 r--p 0000a000 08:06 397695                     /lib/x86_64-linux-gnu/libnss_files-2.19.so
7fcc0bfff000-7fcc0c000000 rw-p 0000b000 08:06 397695                     /lib/x86_64-linux-gnu/libnss_files-2.19.so
7fcc0c000000-7fcc0caff000 rw-p 00000000 00:00 0 
7fcc0caff000-7fcc10000000 ---p 00000000 00:00 0 
7fcc10000000-7fcc10001000 r--s 00000000 08:06 3807681                    /home/ravikiran/.gradle/wrapper/dists/gradle-2.10-all/a4w5fzrkeut1ox71xslb49gst/gradle-2.10/lib/gradle-docs-2.10.jar
7fcc10001000-7fcc10002000 r--s 00005000 08:06 3807682                    /home/ravikiran/.gradle/wrapper/dists/gradle-2.10-all/a4w5fzrkeut1ox71xslb49gst/gradle-2.10/lib/log4j-over-slf4j-1.7.10.jar
7fcc10002000-7fcc10005000 r--s 0001b000 08:06 3807676                    /home/ravikiran/.gradle/wrapper/dists/gradle-2.10-all/a4w5fzrkeut1ox71xslb49gst/gradle-2.10/lib/jarjar-1.3.jar
7fcc10005000-7fcc10007000 r--s 00000000 08:06 3807675                    /home/ravikiran/.gradle/wrapper/dists/gradle-2.10-all/a4w5fzrkeut1ox71xslb49gst/gradle-2.10/lib/jul-to-slf4j-1.7.10.jar
7fcc10007000-7fcc1000b000 r--s 00027000 08:06 3807673                    /home/ravikiran/.gradle/wrapper/dists/gradle-2.10-all/a4w5fzrkeut1ox71xslb49gst/gradle-2.10/lib/commons-io-2.2.jar
7fcc1000b000-7fcc10010000 r--s 00036000 08:06 3807670                    /home/ravikiran/.gradle/wrapper/dists/gradle-2.10-all/a4w5fzrkeut1ox71xslb49gst/gradle-2.10/lib/asm-all-5.0.3.jar
7fcc10010000-7fcc10015000 r--s 00041000 08:06 3807666                    /home/ravikiran/.gradle/wrapper/dists/gradle-2.10-all/a4w5fzrkeut1ox71xslb49gst/gradle-2.10/lib/commons-lang-2.6.jar
7fcc10015000-7fcc1007a000 rw-p 00000000 00:00 0 
7fcc1007a000-7fcc101ba000 ---p 00000000 00:00 0 
7fcc101ba000-7fcc101c5000 r-xp 00000000 08:06 397705                     /lib/x86_64-linux-gnu/libnss_nis-2.19.so
7fcc101c5000-7fcc103c4000 ---p 0000b000 08:06 397705                     /lib/x86_64-linux-gnu/libnss_nis-2.19.so
7fcc103c4000-7fcc103c5000 r--p 0000a000 08:06 397705                     /lib/x86_64-linux-gnu/libnss_nis-2.19.so
7fcc103c5000-7fcc103c6000 rw-p 0000b000 08:06 397705                     /lib/x86_64-linux-gnu/libnss_nis-2.19.so
7fcc103c6000-7fcc103dd000 r-xp 00000000 08:06 397689                     /lib/x86_64-linux-gnu/libnsl-2.19.so
7fcc103dd000-7fcc105dc000 ---p 00017000 08:06 397689                     /lib/x86_64-linux-gnu/libnsl-2.19.so
7fcc105dc000-7fcc105dd000 r--p 00016000 08:06 397689                     /lib/x86_64-linux-gnu/libnsl-2.19.so
7fcc105dd000-7fcc105de000 rw-p 00017000 08:06 397689                     /lib/x86_64-linux-gnu/libnsl-2.19.so
7fcc105de000-7fcc105e0000 rw-p 00000000 00:00 0 
7fcc105e0000-7fcc105e9000 r-xp 00000000 08:06 397691                     /lib/x86_64-linux-gnu/libnss_compat-2.19.so
7fcc105e9000-7fcc107e8000 ---p 00009000 08:06 397691                     /lib/x86_64-linux-gnu/libnss_compat-2.19.so
7fcc107e8000-7fcc107e9000 r--p 00008000 08:06 397691                     /lib/x86_64-linux-gnu/libnss_compat-2.19.so
7fcc107e9000-7fcc107ea000 rw-p 00009000 08:06 397691                     /lib/x86_64-linux-gnu/libnss_compat-2.19.so
7fcc107ea000-7fcc10814000 r-xp 00000000 08:06 1194259                    /usr/lib/jvm/java-8-oracle/jre/lib/amd64/libjava.so
7fcc10814000-7fcc10a14000 ---p 0002a000 08:06 1194259                    /usr/lib/jvm/java-8-oracle/jre/lib/amd64/libjava.so
7fcc10a14000-7fcc10a16000 rw-p 0002a000 08:06 1194259                    /usr/lib/jvm/java-8-oracle/jre/lib/amd64/libjava.so
7fcc10a16000-7fcc10a23000 r-xp 00000000 08:06 1194254                    /usr/lib/jvm/java-8-oracle/jre/lib/amd64/libverify.so
7fcc10a23000-7fcc10c23000 ---p 0000d000 08:06 1194254                    /usr/lib/jvm/java-8-oracle/jre/lib/amd64/libverify.so
7fcc10c23000-7fcc10c25000 rw-p 0000d000 08:06 1194254                    /usr/lib/jvm/java-8-oracle/jre/lib/amd64/libverify.so
7fcc10c25000-7fcc10c2c000 r-xp 00000000 08:06 397748                     /lib/x86_64-linux-gnu/librt-2.19.so
7fcc10c2c000-7fcc10e2b000 ---p 00007000 08:06 397748                     /lib/x86_64-linux-gnu/librt-2.19.so
7fcc10e2b000-7fcc10e2c000 r--p 00006000 08:06 397748                     /lib/x86_64-linux-gnu/librt-2.19.so
7fcc10e2c000-7fcc10e2d000 rw-p 00007000 08:06 397748                     /lib/x86_64-linux-gnu/librt-2.19.so
7fcc10e2d000-7fcc10f32000 r-xp 00000000 08:06 397670                     /lib/x86_64-linux-gnu/libm-2.19.so
7fcc10f32000-7fcc11131000 ---p 00105000 08:06 397670                     /lib/x86_64-linux-gnu/libm-2.19.so
7fcc11131000-7fcc11132000 r--p 00104000 08:06 397670                     /lib/x86_64-linux-gnu/libm-2.19.so
7fcc11132000-7fcc11133000 rw-p 00105000 08:06 397670                     /lib/x86_64-linux-gnu/libm-2.19.so
7fcc11133000-7fcc11df1000 r-xp 00000000 08:06 1194280                    /usr/lib/jvm/java-8-oracle/jre/lib/amd64/server/libjvm.so
7fcc11df1000-7fcc11ff0000 ---p 00cbe000 08:06 1194280                    /usr/lib/jvm/java-8-oracle/jre/lib/amd64/server/libjvm.so
7fcc11ff0000-7fcc120c9000 rw-p 00cbd000 08:06 1194280                    /usr/lib/jvm/java-8-oracle/jre/lib/amd64/server/libjvm.so
7fcc120c9000-7fcc1210d000 rw-p 00000000 00:00 0 
7fcc1210d000-7fcc122c8000 r-xp 00000000 08:06 397620                     /lib/x86_64-linux-gnu/libc-2.19.so
7fcc122c8000-7fcc124c7000 ---p 001bb000 08:06 397620                     /lib/x86_64-linux-gnu/libc-2.19.so
7fcc124c7000-7fcc124cb000 r--p 001ba000 08:06 397620                     /lib/x86_64-linux-gnu/libc-2.19.so
7fcc124cb000-7fcc124cd000 rw-p 001be000 08:06 397620                     /lib/x86_64-linux-gnu/libc-2.19.so
7fcc124cd000-7fcc124d2000 rw-p 00000000 00:00 0 
7fcc124d2000-7fcc124d5000 r-xp 00000000 08:06 397637                     /lib/x86_64-linux-gnu/libdl-2.19.so
7fcc124d5000-7fcc126d4000 ---p 00003000 08:06 397637                     /lib/x86_64-linux-gnu/libdl-2.19.so
7fcc126d4000-7fcc126d5000 r--p 00002000 08:06 397637                     /lib/x86_64-linux-gnu/libdl-2.19.so
7fcc126d5000-7fcc126d6000 rw-p 00003000 08:06 397637                     /lib/x86_64-linux-gnu/libdl-2.19.so
7fcc126d6000-7fcc126eb000 r-xp 00000000 08:06 1320105                    /usr/lib/jvm/java-8-oracle/lib/amd64/jli/libjli.so
7fcc126eb000-7fcc128eb000 ---p 00015000 08:06 1320105                    /usr/lib/jvm/java-8-oracle/lib/amd64/jli/libjli.so
7fcc128eb000-7fcc128ec000 rw-p 00015000 08:06 1320105                    /usr/lib/jvm/java-8-oracle/lib/amd64/jli/libjli.so
7fcc128ec000-7fcc12905000 r-xp 00000000 08:06 397740                     /lib/x86_64-linux-gnu/libpthread-2.19.so
7fcc12905000-7fcc12b04000 ---p 00019000 08:06 397740                     /lib/x86_64-linux-gnu/libpthread-2.19.so
7fcc12b04000-7fcc12b05000 r--p 00018000 08:06 397740                     /lib/x86_64-linux-gnu/libpthread-2.19.so
7fcc12b05000-7fcc12b06000 rw-p 00019000 08:06 397740                     /lib/x86_64-linux-gnu/libpthread-2.19.so
7fcc12b06000-7fcc12b0a000 rw-p 00000000 00:00 0 
7fcc12b0a000-7fcc12b2d000 r-xp 00000000 08:06 397596                     /lib/x86_64-linux-gnu/ld-2.19.so
7fcc12b2d000-7fcc12b2e000 r--s 00000000 08:06 3807677                    /home/ravikiran/.gradle/wrapper/dists/gradle-2.10-all/a4w5fzrkeut1ox71xslb49gst/gradle-2.10/lib/javax.inject-1.jar
7fcc12b2e000-7fcc12b2f000 r--s 00000000 08:06 3807674                    /home/ravikiran/.gradle/wrapper/dists/gradle-2.10-all/a4w5fzrkeut1ox71xslb49gst/gradle-2.10/lib/jcip-annotations-1.0.jar
7fcc12b2f000-7fcc12b30000 r--s 00007000 08:06 3807664                    /home/ravikiran/.gradle/wrapper/dists/gradle-2.10-all/a4w5fzrkeut1ox71xslb49gst/gradle-2.10/lib/slf4j-api-1.7.10.jar
7fcc12b30000-7fcc12b37000 r--s 00034000 08:06 3807658                    /home/ravikiran/.gradle/wrapper/dists/gradle-2.10-all/a4w5fzrkeut1ox71xslb49gst/gradle-2.10/lib/gradle-base-services-2.10.jar
7fcc12b37000-7fcc12c10000 rw-p 00000000 00:00 0 
7fcc12c10000-7fcc12c13000 ---p 00000000 00:00 0 
7fcc12c13000-7fcc12d15000 rw-p 00000000 00:00 0                          [stack:3527]
7fcc12d15000-7fcc12d16000 r--s 00004000 08:06 3807690                    /home/ravikiran/.gradle/wrapper/dists/gradle-2.10-all/a4w5fzrkeut1ox71xslb49gst/gradle-2.10/lib/ant-launcher-1.9.3.jar
7fcc12d16000-7fcc12d20000 r--s 0004a000 08:06 3807656                    /home/ravikiran/.gradle/wrapper/dists/gradle-2.10-all/a4w5fzrkeut1ox71xslb49gst/gradle-2.10/lib/gradle-launcher-2.10.jar
7fcc12d20000-7fcc12d28000 rw-s 00000000 08:06 4195609                    /tmp/hsperfdata_ravikiran/3523
7fcc12d28000-7fcc12d29000 rw-p 00000000 00:00 0 
7fcc12d29000-7fcc12d2a000 ---p 00000000 00:00 0 
7fcc12d2a000-7fcc12d2c000 rw-p 00000000 00:00 0 
7fcc12d2c000-7fcc12d2d000 r--p 00022000 08:06 397596                     /lib/x86_64-linux-gnu/ld-2.19.so
7fcc12d2d000-7fcc12d2e000 rw-p 00023000 08:06 397596                     /lib/x86_64-linux-gnu/ld-2.19.so
7fcc12d2e000-7fcc12d2f000 rw-p 00000000 00:00 0 
7fffd150b000-7fffd152c000 rw-p 00000000 00:00 0                          [stack]
7fffd1539000-7fffd153b000 r--p 00000000 00:00 0                          [vvar]
7fffd153b000-7fffd153d000 r-xp 00000000 00:00 0                          [vdso]
ffffffffff600000-ffffffffff601000 r-xp 00000000 00:00 0                  [vsyscall]

VM Arguments:
jvm_args: -XX:MaxPermSize=256m -XX:+HeapDumpOnOutOfMemoryError -Xmx1024m -Dfile.encoding=UTF-8 -Duser.country=IN -Duser.language=en -Duser.variant 
java_command: org.gradle.launcher.daemon.bootstrap.GradleDaemon 2.10
java_class_path (initial): /home/ravikiran/.gradle/wrapper/dists/gradle-2.10-all/a4w5fzrkeut1ox71xslb49gst/gradle-2.10/lib/gradle-launcher-2.10.jar
Launcher Type: SUN_STANDARD

Environment Variables:
PATH=/usr/local/sbin:/usr/local/bin:/usr/sbin:/usr/bin:/sbin:/bin:/usr/games:/usr/local/games
LD_LIBRARY_PATH=.:
SHELL=/bin/bash
DISPLAY=:0

Signal Handlers:
SIGSEGV: [libjvm.so+0xaba2a0], sa_mask[0]=11111111011111111101111111111110, sa_flags=SA_RESTART|SA_SIGINFO
SIGBUS: [libjvm.so+0xaba2a0], sa_mask[0]=11111111011111111101111111111110, sa_flags=SA_RESTART|SA_SIGINFO
SIGFPE: [libjvm.so+0x917710], sa_mask[0]=11111111011111111101111111111110, sa_flags=SA_RESTART|SA_SIGINFO
SIGPIPE: [libjvm.so+0x917710], sa_mask[0]=11111111011111111101111111111110, sa_flags=SA_RESTART|SA_SIGINFO
SIGXFSZ: [libjvm.so+0x917710], sa_mask[0]=11111111011111111101111111111110, sa_flags=SA_RESTART|SA_SIGINFO
SIGILL: [libjvm.so+0x917710], sa_mask[0]=11111111011111111101111111111110, sa_flags=SA_RESTART|SA_SIGINFO
SIGUSR1: SIG_DFL, sa_mask[0]=00000000000000000000000000000000, sa_flags=none
SIGUSR2: [libjvm.so+0x918d40], sa_mask[0]=00100000000000000000000000000000, sa_flags=SA_RESTART|SA_SIGINFO
SIGHUP: [libjvm.so+0x91a140], sa_mask[0]=11111111011111111101111111111110, sa_flags=SA_RESTART|SA_SIGINFO
SIGINT: [libjvm.so+0x91a140], sa_mask[0]=11111111011111111101111111111110, sa_flags=SA_RESTART|SA_SIGINFO
SIGTERM: [libjvm.so+0x91a140], sa_mask[0]=11111111011111111101111111111110, sa_flags=SA_RESTART|SA_SIGINFO
SIGQUIT: [libjvm.so+0x91a140], sa_mask[0]=11111111011111111101111111111110, sa_flags=SA_RESTART|SA_SIGINFO


---------------  S Y S T E M  ---------------

OS:DISTRIB_ID=Ubuntu
DISTRIB_RELEASE=14.04
DISTRIB_CODENAME=trusty
DISTRIB_DESCRIPTION="Ubuntu 14.04.3 LTS"

uname:Linux 3.19.0-25-generic #26~14.04.1-Ubuntu SMP Fri Jul 24 21:16:20 UTC 2015 x86_64
libc:glibc 2.19 NPTL 2.19 
rlimit: STACK 8192k, CORE 0k, NPROC 7847, NOFILE 4096, AS infinity
load average:4.45 1.57 0.96

/proc/meminfo:
MemTotal:        2030264 kB
MemFree:           74124 kB
MemAvailable:      34452 kB
Buffers:             348 kB
Cached:            12908 kB
SwapCached:            0 kB
Active:          1815408 kB
Inactive:           9472 kB
Active(anon):    1812908 kB
Inactive(anon):     5224 kB
Active(file):       2500 kB
Inactive(file):     4248 kB
Unevictable:          32 kB
Mlocked:              32 kB
SwapTotal:             0 kB
SwapFree:              0 kB
Dirty:               176 kB
Writeback:             0 kB
AnonPages:       1811920 kB
Mapped:             9560 kB
Shmem:              6244 kB
Slab:              53148 kB
SReclaimable:      26528 kB
SUnreclaim:        26620 kB
KernelStack:        7216 kB
PageTables:        27416 kB
NFS_Unstable:          0 kB
Bounce:                0 kB
WritebackTmp:          0 kB
CommitLimit:     1015132 kB
Committed_AS:    3776240 kB
VmallocTotal:   34359738367 kB
VmallocUsed:      294888 kB
VmallocChunk:   34359437332 kB
HardwareCorrupted:     0 kB
AnonHugePages:    587776 kB
CmaTotal:              0 kB
CmaFree:               0 kB
HugePages_Total:       0
HugePages_Free:        0
HugePages_Rsvd:        0
HugePages_Surp:        0
Hugepagesize:       2048 kB
DirectMap4k:      112896 kB
DirectMap2M:     1966080 kB


CPU:total 4 (2 cores per cpu, 2 threads per core) family 6 model 42 stepping 7, cmov, cx8, fxsr, mmx, sse, sse2, sse3, ssse3, sse4.1, sse4.2, popcnt, avx, clmul, ht, tsc, tscinvbit

/proc/cpuinfo:
processor	: 0
vendor_id	: GenuineIntel
cpu family	: 6
model		: 42
model name	: Intel(R) Core(TM) i3-2330M CPU @ 2.20GHz
stepping	: 7
microcode	: 0x14
cpu MHz		: 853.703
cache size	: 3072 KB
physical id	: 0
siblings	: 4
core id		: 0
cpu cores	: 2
apicid		: 0
initial apicid	: 0
fpu		: yes
fpu_exception	: yes
cpuid level	: 13
wp		: yes
flags		: fpu vme de pse tsc msr pae mce cx8 apic sep mtrr pge mca cmov pat pse36 clflush dts acpi mmx fxsr sse sse2 ss ht tm pbe syscall nx rdtscp lm constant_tsc arch_perfmon pebs bts rep_good nopl xtopology nonstop_tsc aperfmperf eagerfpu pni pclmulqdq dtes64 monitor ds_cpl vmx est tm2 ssse3 cx16 xtpr pdcm pcid sse4_1 sse4_2 x2apic popcnt tsc_deadline_timer xsave avx lahf_lm arat epb pln pts dtherm tpr_shadow vnmi flexpriority ept vpid xsaveopt
bugs		:
bogomips	: 4390.22
clflush size	: 64
cache_alignment	: 64
address sizes	: 36 bits physical, 48 bits virtual
power management:

processor	: 1
vendor_id	: GenuineIntel
cpu family	: 6
model		: 42
model name	: Intel(R) Core(TM) i3-2330M CPU @ 2.20GHz
stepping	: 7
microcode	: 0x14
cpu MHz		: 1099.140
cache size	: 3072 KB
physical id	: 0
siblings	: 4
core id		: 0
cpu cores	: 2
apicid		: 1
initial apicid	: 1
fpu		: yes
fpu_exception	: yes
cpuid level	: 13
wp		: yes
flags		: fpu vme de pse tsc msr pae mce cx8 apic sep mtrr pge mca cmov pat pse36 clflush dts acpi mmx fxsr sse sse2 ss ht tm pbe syscall nx rdtscp lm constant_tsc arch_perfmon pebs bts rep_good nopl xtopology nonstop_tsc aperfmperf eagerfpu pni pclmulqdq dtes64 monitor ds_cpl vmx est tm2 ssse3 cx16 xtpr pdcm pcid sse4_1 sse4_2 x2apic popcnt tsc_deadline_timer xsave avx lahf_lm arat epb pln pts dtherm tpr_shadow vnmi flexpriority ept vpid xsaveopt
bugs		:
bogomips	: 4390.22
clflush size	: 64
cache_alignment	: 64
address sizes	: 36 bits physical, 48 bits virtual
power management:

processor	: 2
vendor_id	: GenuineIntel
cpu family	: 6
model		: 42
model name	: Intel(R) Core(TM) i3-2330M CPU @ 2.20GHz
stepping	: 7
microcode	: 0x14
cpu MHz		: 1149.414
cache size	: 3072 KB
physical id	: 0
siblings	: 4
core id		: 1
cpu cores	: 2
apicid		: 2
initial apicid	: 2
fpu		: yes
fpu_exception	: yes
cpuid level	: 13
wp		: yes
flags		: fpu vme de pse tsc msr pae mce cx8 apic sep mtrr pge mca cmov pat pse36 clflush dts acpi mmx fxsr sse sse2 ss ht tm pbe syscall nx rdtscp lm constant_tsc arch_perfmon pebs bts rep_good nopl xtopology nonstop_tsc aperfmperf eagerfpu pni pclmulqdq dtes64 monitor ds_cpl vmx est tm2 ssse3 cx16 xtpr pdcm pcid sse4_1 sse4_2 x2apic popcnt tsc_deadline_timer xsave avx lahf_lm arat epb pln pts dtherm tpr_shadow vnmi flexpriority ept vpid xsaveopt
bugs		:
bogomips	: 4390.22
clflush size	: 64
cache_alignment	: 64
address sizes	: 36 bits physical, 48 bits virtual
power management:

processor	: 3
vendor_id	: GenuineIntel
cpu family	: 6
model		: 42
model name	: Intel(R) Core(TM) i3-2330M CPU @ 2.20GHz
stepping	: 7
microcode	: 0x14
cpu MHz		: 929.671
cache size	: 3072 KB
physical id	: 0
siblings	: 4
core id		: 1
cpu cores	: 2
apicid		: 3
initial apicid	: 3
fpu		: yes
fpu_exception	: yes
cpuid level	: 13
wp		: yes
flags		: fpu vme de pse tsc msr pae mce cx8 apic sep mtrr pge mca cmov pat pse36 clflush dts acpi mmx fxsr sse sse2 ss ht tm pbe syscall nx rdtscp lm constant_tsc arch_perfmon pebs bts rep_good nopl xtopology nonstop_tsc aperfmperf eagerfpu pni pclmulqdq dtes64 monitor ds_cpl vmx est tm2 ssse3 cx16 xtpr pdcm pcid sse4_1 sse4_2 x2apic popcnt tsc_deadline_timer xsave avx lahf_lm arat epb pln pts dtherm tpr_shadow vnmi flexpriority ept vpid xsaveopt
bugs		:
bogomips	: 4390.22
clflush size	: 64
cache_alignment	: 64
address sizes	: 36 bits physical, 48 bits virtual
power management:



Memory: 4k page, physical 2030264k(73628k free), swap 0k(0k free)

vm_info: Java HotSpot(TM) 64-Bit Server VM (25.66-b17) for linux-amd64 JRE (1.8.0_66-b17), built on Oct  6 2015 17:28:34 by "java_re" with gcc 4.3.0 20080428 (Red Hat 4.3.0-8)

time: Thu Jan 28 15:33:54 2016
elapsed time: 44 seconds (0d 0h 0m 44s)

